----------------------------------------------------------------------------------------------------------------------------------------------------
      name:  <unnamed>
       log:  /home/ld-archer/Documents/UK_FEM/trunk/FEM_Stata/Makedata/ELSA/education_distribution.log
  log type:  text
 opened on:  30 Jul 2019, 06:16:39

. use "/home/ld-archer/Documents/UK_FEM/trunk/input_data/education_data.dta"

. tab rbyr educ [aw=total] if inrange(rbyr, 1963, 1982), row

+----------------+
| Key            |
|----------------|
|   frequency    |
| row percentage |
+----------------+

           |               educ
      rbyr |         1          2          3 |     Total
-----------+---------------------------------+----------
      1963 | .93203782  3.4643427  1.8833653 | 6.2797458 
           |     14.84      55.17      29.99 |    100.00 
-----------+---------------------------------+----------
      1964 | .90751755  3.4691008  1.9051096 | 6.2817279 
           |     14.45      55.23      30.33 |    100.00 
-----------+---------------------------------+----------
      1965 | .88299728  3.4738588  1.9268539 | 6.2837099 
           |     14.05      55.28      30.66 |    100.00 
-----------+---------------------------------+----------
      1966 | .85847701  3.4786168  1.9485982 |  6.285692 
           |     13.66      55.34      31.00 |    100.00 
-----------+---------------------------------+----------
      1967 | .83395674  3.4833749  1.9703425 | 6.2876741 
           |     13.26      55.40      31.34 |    100.00 
-----------+---------------------------------+----------
      1968 | .80943647  3.4881329  1.9920867 | 6.2896561 
           |     12.87      55.46      31.67 |    100.00 
-----------+---------------------------------+----------
      1969 |  .7849162  3.4928909 2.01383104 | 6.2916382 
           |     12.48      55.52      32.01 |    100.00 
-----------+---------------------------------+----------
      1970 | .76039593   3.497649  2.0355753 | 6.2936202 
           |     12.08      55.57      32.34 |    100.00 
-----------+---------------------------------+----------
      1971 | .72983686  3.3821518  2.0725302 | 6.1845188 
           |     11.80      54.69      33.51 |    100.00 
-----------+---------------------------------+----------
      1972 | .69927778  3.2666546   2.109485 | 6.0754174 
           |     11.51      53.77      34.72 |    100.00 
-----------+---------------------------------+----------
      1973 | .66871871  3.1511574  2.1464398 |5.96631596 
           |     11.21      52.82      35.98 |    100.00 
-----------+---------------------------------+----------
      1974 | .63815964  3.0356602  2.1833947 |5.85721454 
           |     10.90      51.83      37.28 |    100.00 
-----------+---------------------------------+----------
      1975 | .60760056  2.9201631  2.2203495 | 5.7481131 
           |     10.57      50.80      38.63 |    100.00 
-----------+---------------------------------+----------
      1976 | .58955185  2.8956836   2.249955 | 5.7351904 
           |     10.28      50.49      39.23 |    100.00 
-----------+---------------------------------+----------
      1977 | .57150314  2.8712041  2.2795604 | 5.7222677 
           |      9.99      50.18      39.84 |    100.00 
-----------+---------------------------------+----------
      1978 | .55345443  2.8467247  2.3091659 |  5.709345 
           |      9.69      49.86      40.45 |    100.00 
-----------+---------------------------------+----------
      1979 | .53540571  2.8222452  2.3387713 | 5.6964223 
           |      9.40      49.54      41.06 |    100.00 
-----------+---------------------------------+----------
      1980 |   .517357  2.7977658  2.3683768 | 5.6834996 
           |      9.10      49.23      41.67 |    100.00 
-----------+---------------------------------+----------
      1981 | .49930829  2.7732863  2.3979823 | 5.6705769 
           |      8.81      48.91      42.29 |    100.00 
-----------+---------------------------------+----------
      1982 | .48125958  2.7488069  2.4275877 | 5.6576542 
           |      8.51      48.59      42.91 |    100.00 
-----------+---------------------------------+----------
     Total | 13.861169   63.35947  42.779361 |       120 
           |     11.55      52.80      35.65 |    100.00 

. use "/home/ld-archer/Documents/UK_FEM/trunk/input_data/ELSA_repl.dta"

. tab rbyr educ [aw=weight] if inrange(rbyr, 1963, 1982), row

+----------------+
| Key            |
|----------------|
|   frequency    |
| row percentage |
+----------------+

           |         Education Level
      rbyr | 1.No Qual  2.Less th  3.Univers |     Total
-----------+---------------------------------+----------
      1963 | 13.825228  51.387751  27.936585 | 93.149563 
           |     14.84      55.17      29.99 |    100.00 
-----------+---------------------------------+----------
      1964 |13.4615103  51.458328  28.259125 | 93.178964 
           |     14.45      55.23      30.33 |    100.00 
-----------+---------------------------------+----------
      1965 | 13.097793  51.528905  28.581666 | 93.208364 
           |     14.05      55.28      30.66 |    100.00 
-----------+---------------------------------+----------
      1966 | 12.734076  51.599483  28.904206 | 93.237764 
           |     13.66      55.34      31.00 |    100.00 
-----------+---------------------------------+----------
      1967 | 12.370358   51.67006  29.226746 | 93.267165 
           |     13.26      55.40      31.34 |    100.00 
-----------+---------------------------------+----------
      1968 | 12.006641  51.740638  29.549287 | 93.296566 
           |     12.87      55.46      31.67 |    100.00 
-----------+---------------------------------+----------
      1969 | 11.642924  51.811215  29.871827 | 93.325966 
           |     12.48      55.52      32.01 |    100.00 
-----------+---------------------------------+----------
      1970 | 11.279206  51.881793  30.194367 |93.3553669 
           |     12.08      55.57      32.34 |    100.00 
-----------+---------------------------------+----------
      1971 | 10.825913  50.168585  30.742531 |91.7370295 
           |     11.80      54.69      33.51 |    100.00 
-----------+---------------------------------+----------
      1972 |  10.37262  48.455377  31.290694 | 90.118692 
           |     11.51      53.77      34.72 |    100.00 
-----------+---------------------------------+----------
      1973 | 9.9193274  46.742168  31.838858 | 88.500353 
           |     11.21      52.82      35.98 |    100.00 
-----------+---------------------------------+----------
      1974 | 9.4660345  45.028961 32.3870209 | 86.882016 
           |     10.90      51.83      37.28 |    100.00 
-----------+---------------------------------+----------
      1975 | 9.0127417  43.315752  32.935185 | 85.263678 
           |     10.57      50.80      38.63 |    100.00 
-----------+---------------------------------+----------
      1976 | 8.7450191   42.95264  33.374332 | 85.071991 
           |     10.28      50.49      39.23 |    100.00 
-----------+---------------------------------+----------
      1977 | 8.4772966  42.589528   33.81348 | 84.880304 
           |      9.99      50.18      39.84 |    100.00 
-----------+---------------------------------+----------
      1978 |  8.209574  42.226416  34.252627 | 84.688618 
           |      9.69      49.86      40.45 |    100.00 
-----------+---------------------------------+----------
      1979 | 7.9418513  41.863304  34.691775 | 84.496931 
           |      9.40      49.54      41.06 |    100.00 
-----------+---------------------------------+----------
      1980 | 7.6741288  41.500192 35.1309226 | 84.305244 
           |      9.10      49.23      41.67 |    100.00 
-----------+---------------------------------+----------
      1981 | 7.4064063   41.13708   35.57007 | 84.113556 
           |      8.81      48.91      42.29 |    100.00 
-----------+---------------------------------+----------
      1982 | 7.1386838  40.773968  36.009218 |  83.92187 
           |      8.51      48.59      42.91 |    100.00 
-----------+---------------------------------+----------
     Total | 205.60733  939.83214  634.56052 |     1,780 
           |     11.55      52.80      35.65 |    100.00 

. capture log close
