#
# A fatal error has been detected by the Java Runtime Environment:
#
#  SIGSEGV (0xb) at pc=0x0000000000ba87fb, pid=5670, tid=0x00007f07077d2a00
#
# JRE version: Java(TM) SE Runtime Environment (8.0_202-b08) (build 1.8.0_202-b08)
# Java VM: Java HotSpot(TM) 64-Bit Server VM (25.202-b08 mixed mode linux-amd64 compressed oops)
# Problematic frame:
# C  [xstata-se+0x7a87fb]
#
# Failed to write core dump. Core dumps have been disabled. To enable core dumping, try "ulimit -c unlimited" before starting Java again
#
# If you would like to submit a bug report, please visit:
#   http://bugreport.java.com/bugreport/crash.jsp
# The crash happened outside the Java Virtual Machine in native code.
# See problematic frame for where to report the bug.
#

---------------  T H R E A D  ---------------

Current thread (0x0000000005468000):  JavaThread "main" [_thread_in_native, id=5670, stack(0x00007ffe895d6000,0x00007ffe89798000)]

siginfo: si_signo: 11 (SIGSEGV), si_code: 1 (SEGV_MAPERR), si_addr: 0x0000000000020080

Registers:
RAX=0x0000000000000000, RBX=0x000000000534cbc0, RCX=0x00007ffe897948a0, RDX=0x0000000000000000
RSP=0x00007ffe89794670, RBP=0x0000000000000000, RSI=0x0000000004056120, RDI=0x00000000040428c0
R8 =0x00007ffe89794820, R9 =0x0000000000000000, R10=0x0000000000000190, R11=0x0000000000000004
R12=0x0000000000000000, R13=0x0000000000000002, R14=0x00007ffe897948a0, R15=0x00007ffe89794820
RIP=0x0000000000ba87fb, EFLAGS=0x0000000000010202, CSGSFS=0x002b000000000033, ERR=0x0000000000000004
  TRAPNO=0x000000000000000e

Top of Stack: (sp=0x00007ffe89794670)
0x00007ffe89794670:   00000000043091b0 00007f0706e65a56
0x00007ffe89794680:   0000000000000001 00007f0706e6b5d8
0x00007ffe89794690:   0000000000000000 00007ffe897948a0
0x00007ffe897946a0:   0000000000000000 000000000534cbc0
0x00007ffe897946b0:   0000000000000000 0000000000000000
0x00007ffe897946c0:   0000000000000002 00007ffe897948a0
0x00007ffe897946d0:   00007ffe89794820 0000000000ba8a37
0x00007ffe897946e0:   0000000000000002 00007f07050becd5
0x00007ffe897946f0:   0000000000000012 00007f07047c2e8a
0x00007ffe89794700:   0000000040000002 00007f07047c3539
0x00007ffe89794710:   00007f06b4003620 00000000040428c0
0x00007ffe89794720:   00007f07069fa1c0 0000000004e2c400
0x00007ffe89794730:   000000000403ef00 000000000534c200
0x00007ffe89794740:   000000000534c200 00007ffe89794820
0x00007ffe89794750:   0000000000000001 00007f07050d14c2
0x00007ffe89794760:   00007f0700000020 00007ffe897947f0
0x00007ffe89794770:   00007ffe897948a0 0000000000013ccc
0x00007ffe89794780:   00000000040428c0 00007ffe89794820
0x00007ffe89794790:   000000000403ef00 01007f070000006a
0x00007ffe897947a0:   0000000000000000 00007ffe89794840
0x00007ffe897947b0:   0000000100000001 000000000403ee70
0x00007ffe897947c0:   0000000000000000 0000000000000000
0x00007ffe897947d0:   00007ffe89794810 000000000405b000
0x00007ffe897947e0:   0000000200000001 00007f070481aa47
0x00007ffe897947f0:   0000000000000001 00007f070481aa47
0x00007ffe89794800:   000000000000004c 0000000003f8e298
0x00007ffe89794810:   0000000000000000 00000000040428c0
0x00007ffe89794820:   0000006a00000001 0000000100000001
0x00007ffe89794830:   0000000000000004 0000000003f8f960
0x00007ffe89794840:   0000000000000000 0000000000000000
0x00007ffe89794850:   0000000000000000 6c8aa678c2833600
0x00007ffe89794860:   00007ffe897949d0 00007f07050f0d70 

Instructions: (pc=0x0000000000ba87fb)
0x0000000000ba87db:   5b 5d 41 5c 41 5d 41 5e 41 5f c3 41 57 41 56 41
0x0000000000ba87eb:   55 41 54 55 53 48 83 ec 38 48 8b 05 15 90 2d 02
0x0000000000ba87fb:   4c 8b a0 80 00 02 00 4c 8b a8 90 00 02 00 4c 8b
0x0000000000ba880b:   b0 a0 00 02 00 4c 8b b8 a8 00 02 00 48 8b 90 b0 

Register to memory mapping:

RAX=0x0000000000000000 is an unknown value
RBX=0x000000000534cbc0 is an unknown value
RCX=0x00007ffe897948a0 is pointing into the stack for thread: 0x0000000005468000
RDX=0x0000000000000000 is an unknown value
RSP=0x00007ffe89794670 is pointing into the stack for thread: 0x0000000005468000
RBP=0x0000000000000000 is an unknown value
RSI=0x0000000004056120 is an unknown value
RDI=0x00000000040428c0 is an unknown value
R8 =0x00007ffe89794820 is pointing into the stack for thread: 0x0000000005468000
R9 =0x0000000000000000 is an unknown value
R10=0x0000000000000190 is an unknown value
R11=0x0000000000000004 is an unknown value
R12=0x0000000000000000 is an unknown value
R13=0x0000000000000002 is an unknown value
R14=0x00007ffe897948a0 is pointing into the stack for thread: 0x0000000005468000
R15=0x00007ffe89794820 is pointing into the stack for thread: 0x0000000005468000


Stack: [0x00007ffe895d6000,0x00007ffe89798000],  sp=0x00007ffe89794670,  free space=1785k
Native frames: (J=compiled Java code, j=interpreted, Vv=VM code, C=native code)
C  [xstata-se+0x7a87fb]


---------------  P R O C E S S  ---------------

Java Threads: ( => current thread )
  0x0000000006fcb000 JavaThread "AWT-XAWT" daemon [_thread_in_native, id=9443, stack(0x00007f06b8398000,0x00007f06b855a000)]
  0x0000000005387800 JavaThread "Java2D Disposer" daemon [_thread_blocked, id=9442, stack(0x00007f06b855a000,0x00007f06b871c000)]
  0x0000000006f6c000 JavaThread "Service Thread" daemon [_thread_blocked, id=9102, stack(0x00007f06b8b32000,0x00007f06b8cf4000)]
  0x0000000006f59000 JavaThread "C1 CompilerThread3" daemon [_thread_blocked, id=9101, stack(0x00007f06b8cf5000,0x00007f06b8df5000)]
  0x0000000006f57000 JavaThread "C2 CompilerThread2" daemon [_thread_blocked, id=9100, stack(0x00007f06b8df6000,0x00007f06b8ef6000)]
  0x0000000006f55000 JavaThread "C2 CompilerThread1" daemon [_thread_blocked, id=9099, stack(0x00007f06b8ef7000,0x00007f06b8ff7000)]
  0x0000000006f53000 JavaThread "C2 CompilerThread0" daemon [_thread_blocked, id=9098, stack(0x00007f06b8ff8000,0x00007f06b90f8000)]
  0x0000000006f51000 JavaThread "Attach Listener" daemon [_thread_blocked, id=9097, stack(0x00007f06b90f8000,0x00007f06b92ba000)]
  0x0000000006f4f800 JavaThread "Surrogate Locker Thread (Concurrent GC)" daemon [_thread_blocked, id=9096, stack(0x00007f06b92ba000,0x00007f06b947c000)]
  0x0000000006f1e000 JavaThread "Finalizer" daemon [_thread_blocked, id=9095, stack(0x00007f06b947c000,0x00007f06b963e000)]
  0x0000000006f1b800 JavaThread "Reference Handler" daemon [_thread_blocked, id=9094, stack(0x00007f06b963e000,0x00007f06b9800000)]
=>0x0000000005468000 JavaThread "main" [_thread_in_native, id=5670, stack(0x00007ffe895d6000,0x00007ffe89798000)]

Other Threads:
  0x0000000006f12800 VMThread [stack: 0x00007f06c8069000,0x00007f06c8169000] [id=9093]
  0x0000000006f6e800 WatcherThread [stack: 0x00007f06b8a32000,0x00007f06b8b32000] [id=9103]

VM state:not at safepoint (normal execution)

VM Mutex/Monitor currently owned by a thread: None

heap address: 0x00000000e8000000, size: 384 MB, Compressed Oops mode: 32-bit
Narrow klass base: 0x0000000000000000, Narrow klass shift: 3
Compressed class space size: 1073741824 Address: 0x0000000100000000

Heap:
 par new generation   total 38144K, used 2255K [0x00000000e8000000, 0x00000000ea960000, 0x00000000f0000000)
  eden space 33920K,   6% used [0x00000000e8000000, 0x00000000e8233fb0, 0x00000000ea120000)
  from space 4224K,   0% used [0x00000000ea540000, 0x00000000ea540000, 0x00000000ea960000)
  to   space 4224K,   0% used [0x00000000ea120000, 0x00000000ea120000, 0x00000000ea540000)
 concurrent mark-sweep generation total 84672K, used 734K [0x00000000f0000000, 0x00000000f52b0000, 0x0000000100000000)
 Metaspace       used 6644K, capacity 6848K, committed 7040K, reserved 1056768K
  class space    used 695K, capacity 792K, committed 896K, reserved 1048576K

Card table byte_map: [0x00007f06c8a47000,0x00007f06c8b08000] byte_map_base: 0x00007f06c8307000

Marking Bits: (CMSBitMap*) 0x0000000005c6d968
 Bits: [0x00007f06c8646000, 0x00007f06c8a46000)

Mod Union Table: (CMSBitMap*) 0x0000000005c6da28
 Bits: [0x00007f06f4051000, 0x00007f06f4061000)

Polling page: 0x00007f070760e000

CodeCache: size=245760Kb used=2538Kb max_used=2672Kb free=243221Kb
 bounds [0x00007f06a5000000, 0x00007f06a52c0000, 0x00007f06b4000000]
 total_blobs=959 nmethods=529 adapters=344
 compilation: enabled

Compilation events (10 events):
Event: 52752.950 Thread 0x0000000006f59000  668       3       java.util.Vector::elementData (7 bytes)
Event: 52752.950 Thread 0x0000000006f59000 nmethod 668 0x00007f06a514fd50 code [0x00007f06a514fec0, 0x00007f06a5150030]
Event: 56897.764 Thread 0x0000000006f59000  669   !   3       sun.awt.X11.XAwtState::getGrabWindow (67 bytes)
Event: 56897.766 Thread 0x0000000006f59000 nmethod 669 0x00007f06a51ecb50 code [0x00007f06a51ecd60, 0x00007f06a51ed9d8]
Event: 61501.866 Thread 0x0000000006f59000  670   !   3       sun.awt.X11.XToolkit::notifyListeners (100 bytes)
Event: 61501.869 Thread 0x0000000006f59000 nmethod 670 0x00007f06a5131250 code [0x00007f06a5131520, 0x00007f06a5132798]
Event: 64034.811 Thread 0x0000000006f59000  671       3       java.util.AbstractSet::<init> (5 bytes)
Event: 64034.812 Thread 0x0000000006f59000 nmethod 671 0x00007f06a5130dd0 code [0x00007f06a5130f40, 0x00007f06a5131150]
Event: 64039.062 Thread 0x0000000006f57000  672       4       sun.util.logging.PlatformLogger$DefaultLoggerProxy::doLog (22 bytes)
Event: 64039.065 Thread 0x0000000006f57000 nmethod 672 0x00007f06a521bbd0 code [0x00007f06a521bd20, 0x00007f06a521be58]

GC Heap History (10 events):
Event: 28939.729 GC heap before
{Heap before GC invocations=118 (full 117):
 par new generation   total 38144K, used 678K [0x00000000e8000000, 0x00000000ea960000, 0x00000000f0000000)
  eden space 33920K,   2% used [0x00000000e8000000, 0x00000000e80a99d8, 0x00000000ea120000)
  from space 4224K,   0% used [0x00000000ea540000, 0x00000000ea540000, 0x00000000ea960000)
  to   space 4224K,   0% used [0x00000000ea120000, 0x00000000ea120000, 0x00000000ea540000)
 concurrent mark-sweep generation total 84672K, used 734K [0x00000000f0000000, 0x00000000f52b0000, 0x0000000100000000)
 Metaspace       used 6597K, capacity 6848K, committed 7040K, reserved 1056768K
  class space    used 695K, capacity 792K, committed 896K, reserved 1048576K
Event: 28939.736 GC heap after
Heap after GC invocations=119 (full 118):
 par new generation   total 38144K, used 0K [0x00000000e8000000, 0x00000000ea960000, 0x00000000f0000000)
  eden space 33920K,   0% used [0x00000000e8000000, 0x00000000e8000000, 0x00000000ea120000)
  from space 4224K,   0% used [0x00000000ea540000, 0x00000000ea540000, 0x00000000ea960000)
  to   space 4224K,   0% used [0x00000000ea120000, 0x00000000ea120000, 0x00000000ea540000)
 concurrent mark-sweep generation total 84672K, used 734K [0x00000000f0000000, 0x00000000f52b0000, 0x0000000100000000)
 Metaspace       used 6597K, capacity 6848K, committed 7040K, reserved 1056768K
  class space    used 695K, capacity 792K, committed 896K, reserved 1048576K
}
Event: 42155.777 GC heap before
{Heap before GC invocations=119 (full 118):
 par new generation   total 38144K, used 2908K [0x00000000e8000000, 0x00000000ea960000, 0x00000000f0000000)
  eden space 33920K,   8% used [0x00000000e8000000, 0x00000000e82d73f8, 0x00000000ea120000)
  from space 4224K,   0% used [0x00000000ea540000, 0x00000000ea540000, 0x00000000ea960000)
  to   space 4224K,   0% used [0x00000000ea120000, 0x00000000ea120000, 0x00000000ea540000)
 concurrent mark-sweep generation total 84672K, used 734K [0x00000000f0000000, 0x00000000f52b0000, 0x0000000100000000)
 Metaspace       used 6627K, capacity 6848K, committed 7040K, reserved 1056768K
  class space    used 695K, capacity 792K, committed 896K, reserved 1048576K
Event: 42155.783 GC heap after
Heap after GC invocations=120 (full 119):
 par new generation   total 38144K, used 0K [0x00000000e8000000, 0x00000000ea960000, 0x00000000f0000000)
  eden space 33920K,   0% used [0x00000000e8000000, 0x00000000e8000000, 0x00000000ea120000)
  from space 4224K,   0% used [0x00000000ea540000, 0x00000000ea540000, 0x00000000ea960000)
  to   space 4224K,   0% used [0x00000000ea120000, 0x00000000ea120000, 0x00000000ea540000)
 concurrent mark-sweep generation total 84672K, used 734K [0x00000000f0000000, 0x00000000f52b0000, 0x0000000100000000)
 Metaspace       used 6627K, capacity 6848K, committed 7040K, reserved 1056768K
  class space    used 695K, capacity 792K, committed 896K, reserved 1048576K
}
Event: 42155.784 GC heap before
{Heap before GC invocations=120 (full 119):
 par new generation   total 38144K, used 339K [0x00000000e8000000, 0x00000000ea960000, 0x00000000f0000000)
  eden space 33920K,   1% used [0x00000000e8000000, 0x00000000e8054ce8, 0x00000000ea120000)
  from space 4224K,   0% used [0x00000000ea540000, 0x00000000ea540000, 0x00000000ea960000)
  to   space 4224K,   0% used [0x00000000ea120000, 0x00000000ea120000, 0x00000000ea540000)
 concurrent mark-sweep generation total 84672K, used 734K [0x00000000f0000000, 0x00000000f52b0000, 0x0000000100000000)
 Metaspace       used 6627K, capacity 6848K, committed 7040K, reserved 1056768K
  class space    used 695K, capacity 792K, committed 896K, reserved 1048576K
Event: 42155.787 GC heap after
Heap after GC invocations=121 (full 120):
 par new generation   total 38144K, used 0K [0x00000000e8000000, 0x00000000ea960000, 0x00000000f0000000)
  eden space 33920K,   0% used [0x00000000e8000000, 0x00000000e8000000, 0x00000000ea120000)
  from space 4224K,   0% used [0x00000000ea540000, 0x00000000ea540000, 0x00000000ea960000)
  to   space 4224K,   0% used [0x00000000ea120000, 0x00000000ea120000, 0x00000000ea540000)
 concurrent mark-sweep generation total 84672K, used 734K [0x00000000f0000000, 0x00000000f52b0000, 0x0000000100000000)
 Metaspace       used 6627K, capacity 6848K, committed 7040K, reserved 1056768K
  class space    used 695K, capacity 792K, committed 896K, reserved 1048576K
}
Event: 49267.740 GC heap before
{Heap before GC invocations=121 (full 120):
 par new generation   total 38144K, used 2010K [0x00000000e8000000, 0x00000000ea960000, 0x00000000f0000000)
  eden space 33920K,   5% used [0x00000000e8000000, 0x00000000e81f6888, 0x00000000ea120000)
  from space 4224K,   0% used [0x00000000ea540000, 0x00000000ea540000, 0x00000000ea960000)
  to   space 4224K,   0% used [0x00000000ea120000, 0x00000000ea120000, 0x00000000ea540000)
 concurrent mark-sweep generation total 84672K, used 734K [0x00000000f0000000, 0x00000000f52b0000, 0x0000000100000000)
 Metaspace       used 6638K, capacity 6848K, committed 7040K, reserved 1056768K
  class space    used 695K, capacity 792K, committed 896K, reserved 1048576K
Event: 49267.748 GC heap after
Heap after GC invocations=122 (full 121):
 par new generation   total 38144K, used 0K [0x00000000e8000000, 0x00000000ea960000, 0x00000000f0000000)
  eden space 33920K,   0% used [0x00000000e8000000, 0x00000000e8000000, 0x00000000ea120000)
  from space 4224K,   0% used [0x00000000ea540000, 0x00000000ea540000, 0x00000000ea960000)
  to   space 4224K,   0% used [0x00000000ea120000, 0x00000000ea120000, 0x00000000ea540000)
 concurrent mark-sweep generation total 84672K, used 734K [0x00000000f0000000, 0x00000000f52b0000, 0x0000000100000000)
 Metaspace       used 6638K, capacity 6848K, committed 7040K, reserved 1056768K
  class space    used 695K, capacity 792K, committed 896K, reserved 1048576K
}
Event: 49267.748 GC heap before
{Heap before GC invocations=122 (full 121):
 par new generation   total 38144K, used 339K [0x00000000e8000000, 0x00000000ea960000, 0x00000000f0000000)
  eden space 33920K,   0% used [0x00000000e8000000, 0x00000000e8054cc8, 0x00000000ea120000)
  from space 4224K,   0% used [0x00000000ea540000, 0x00000000ea540000, 0x00000000ea960000)
  to   space 4224K,   0% used [0x00000000ea120000, 0x00000000ea120000, 0x00000000ea540000)
 concurrent mark-sweep generation total 84672K, used 734K [0x00000000f0000000, 0x00000000f52b0000, 0x0000000100000000)
 Metaspace       used 6638K, capacity 6848K, committed 7040K, reserved 1056768K
  class space    used 695K, capacity 792K, committed 896K, reserved 1048576K
Event: 49267.753 GC heap after
Heap after GC invocations=123 (full 122):
 par new generation   total 38144K, used 0K [0x00000000e8000000, 0x00000000ea960000, 0x00000000f0000000)
  eden space 33920K,   0% used [0x00000000e8000000, 0x00000000e8000000, 0x00000000ea120000)
  from space 4224K,   0% used [0x00000000ea540000, 0x00000000ea540000, 0x00000000ea960000)
  to   space 4224K,   0% used [0x00000000ea120000, 0x00000000ea120000, 0x00000000ea540000)
 concurrent mark-sweep generation total 84672K, used 734K [0x00000000f0000000, 0x00000000f52b0000, 0x0000000100000000)
 Metaspace       used 6638K, capacity 6848K, committed 7040K, reserved 1056768K
  class space    used 695K, capacity 792K, committed 896K, reserved 1048576K
}

Deoptimization events (9 events):
Event: 0.832 Thread 0x0000000005468000 Uncommon trap: reason=unstable_if action=reinterpret pc=0x00007f06a51354e4 method=com.stata.plugins.csvparser.CSVParser._read(Ljava/io/BufferedReader;)I @ 19
Event: 0.857 Thread 0x0000000005468000 Uncommon trap: reason=unstable_if action=reinterpret pc=0x00007f06a51567a0 method=sun.nio.cs.UTF_8$Encoder.encode([CII[B)I @ 33
Event: 306.476 Thread 0x0000000005468000 Uncommon trap: reason=unstable_if action=reinterpret pc=0x00007f06a5160724 method=java.lang.ThreadLocal$ThreadLocalMap.getEntry(Ljava/lang/ThreadLocal;)Ljava/lang/ThreadLocal$ThreadLocalMap$Entry; @ 21
Event: 306.509 Thread 0x0000000006fb1800 Uncommon trap: reason=unstable_if action=reinterpret pc=0x00007f06a515cac8 method=java.lang.ThreadLocal.get()Ljava/lang/Object; @ 11
Event: 1120.681 Thread 0x0000000005468000 Uncommon trap: reason=unstable_if action=reinterpret pc=0x00007f06a516acdc method=java.lang.ref.SoftReference.get()Ljava/lang/Object; @ 17
Event: 16649.574 Thread 0x0000000005468000 Uncommon trap: reason=unstable_if action=reinterpret pc=0x00007f06a520bb64 method=com.stata.plugins.csvparser.CSVParser._read(Ljava/io/BufferedReader;)I @ 19
Event: 17962.758 Thread 0x0000000005468000 Uncommon trap: reason=unstable_if action=reinterpret pc=0x00007f06a5205224 method=com.stata.plugins.csvparser.CSVParser._read(Ljava/io/BufferedReader;)I @ 19
Event: 18831.905 Thread 0x0000000005468000 Uncommon trap: reason=unstable_if action=reinterpret pc=0x00007f06a524d664 method=com.stata.plugins.csvparser.CSVParser._read(Ljava/io/BufferedReader;)I @ 19
Event: 21156.504 Thread 0x0000000005468000 Uncommon trap: reason=unstable_if action=reinterpret pc=0x00007f06a5157464 method=com.stata.plugins.csvparser.CSVParser._read(Ljava/io/BufferedReader;)I @ 19

Classes redefined (0 events):
No events

Internal exceptions (10 events):
Event: 305.997 Thread 0x0000000005468000 Exception <a 'java/security/PrivilegedActionException'> (0x00000000e869b750) thrown at [/HUDSON/workspace/8-2-build-linux-amd64/jdk8u202/12319/hotspot/src/share/vm/prims/jvm.cpp, line 1502]
Event: 305.997 Thread 0x0000000005468000 Exception <a 'java/security/PrivilegedActionException'> (0x00000000e869b960) thrown at [/HUDSON/workspace/8-2-build-linux-amd64/jdk8u202/12319/hotspot/src/share/vm/prims/jvm.cpp, line 1502]
Event: 305.997 Thread 0x0000000005468000 Exception <a 'java/security/PrivilegedActionException'> (0x00000000e869e7e8) thrown at [/HUDSON/workspace/8-2-build-linux-amd64/jdk8u202/12319/hotspot/src/share/vm/prims/jvm.cpp, line 1502]
Event: 305.997 Thread 0x0000000005468000 Exception <a 'java/security/PrivilegedActionException'> (0x00000000e869e9f8) thrown at [/HUDSON/workspace/8-2-build-linux-amd64/jdk8u202/12319/hotspot/src/share/vm/prims/jvm.cpp, line 1502]
Event: 306.179 Thread 0x0000000005468000 Exception <a 'java/lang/NoSuchFieldError': method resolution failed> (0x00000000e87710f8) thrown at [/HUDSON/workspace/8-2-build-linux-amd64/jdk8u202/12319/hotspot/src/share/vm/prims/methodHandles.cpp, line 1167]
Event: 306.180 Thread 0x0000000005468000 Exception <a 'java/lang/NoSuchFieldError': method resolution failed> (0x00000000e877e868) thrown at [/HUDSON/workspace/8-2-build-linux-amd64/jdk8u202/12319/hotspot/src/share/vm/prims/methodHandles.cpp, line 1167]
Event: 306.248 Thread 0x0000000005468000 Exception <a 'java/io/FileNotFoundException'> (0x00000000e87fbd38) thrown at [/HUDSON/workspace/8-2-build-linux-amd64/jdk8u202/12319/hotspot/src/share/vm/prims/jni.cpp, line 710]
Event: 306.248 Thread 0x0000000005468000 Exception <a 'java/io/FileNotFoundException'> (0x00000000e87fc850) thrown at [/HUDSON/workspace/8-2-build-linux-amd64/jdk8u202/12319/hotspot/src/share/vm/prims/jni.cpp, line 710]
Event: 306.476 Thread 0x0000000005468000 Implicit null exception at 0x00007f06a5160674 to 0x00007f06a5160705
Event: 306.509 Thread 0x0000000006fb1800 Implicit null exception at 0x00007f06a515c4c8 to 0x00007f06a515caad

Events (10 events):
Event: 49268.754 Thread 0x00000000087d9800 Thread exited: 0x00000000087d9800
Event: 50683.496 Thread 0x0000000006f53000 flushing nmethod 0x00007f06a5141d90
Event: 50683.496 Thread 0x0000000006f53000 flushing nmethod 0x00007f06a5144dd0
Event: 50683.496 Thread 0x0000000006f53000 flushing nmethod 0x00007f06a514f5d0
Event: 50683.496 Thread 0x0000000006f53000 flushing nmethod 0x00007f06a514fd50
Event: 50683.496 Thread 0x0000000006f53000 flushing nmethod 0x00007f06a5152010
Event: 52752.950 Thread 0x0000000006f59000 flushing nmethod 0x00007f06a51592d0
Event: 54754.337 Thread 0x0000000006fcb000 DEOPT PACKING pc=0x00007f06a52a6913 sp=0x00007f06b8558510
Event: 54754.337 Thread 0x0000000006fcb000 DEOPT UNPACKING pc=0x00007f06a5047784 sp=0x00007f06b85583d0 mode 0
Event: 56897.766 Thread 0x0000000006f59000 flushing nmethod 0x00007f06a51622d0


Dynamic libraries:
00400000-023bc000 r-xp 00000000 08:01 25430986                           /usr/local/stata15/xstata-se
025bc000-02701000 rw-p 01fbc000 08:01 25430986                           /usr/local/stata15/xstata-se
02701000-03d9d000 rw-p 00000000 00:00 0 
03f84000-0404c000 rw-p 00000000 00:00 0                                  [heap]
0404c000-09deb000 rw-p 00000000 00:00 0                                  [heap]
e8000000-ea960000 rw-p 00000000 00:00 0 
ea960000-f0000000 ---p 00000000 00:00 0 
f0000000-f52b0000 rw-p 00000000 00:00 0 
f52b0000-100000000 ---p 00000000 00:00 0 
100000000-1000e0000 rw-p 00000000 00:00 0 
1000e0000-140000000 ---p 00000000 00:00 0 
7f0640000000-7f0640024000 rw-p 00000000 00:00 0 
7f0640024000-7f0644000000 ---p 00000000 00:00 0 
7f0644000000-7f064402a000 rw-p 00000000 00:00 0 
7f064402a000-7f0648000000 ---p 00000000 00:00 0 
7f0648000000-7f0648022000 rw-p 00000000 00:00 0 
7f0648022000-7f064c000000 ---p 00000000 00:00 0 
7f064c000000-7f064c028000 rw-p 00000000 00:00 0 
7f064c028000-7f0650000000 ---p 00000000 00:00 0 
7f0650000000-7f065002f000 rw-p 00000000 00:00 0 
7f065002f000-7f0654000000 ---p 00000000 00:00 0 
7f0656ffe000-7f0656fff000 ---p 00000000 00:00 0 
7f0656fff000-7f06577ff000 rw-p 00000000 00:00 0 
7f0658000000-7f065802a000 rw-p 00000000 00:00 0 
7f065802a000-7f065c000000 ---p 00000000 00:00 0 
7f065c000000-7f065c031000 rw-p 00000000 00:00 0 
7f065c031000-7f0660000000 ---p 00000000 00:00 0 
7f0660000000-7f0660036000 rw-p 00000000 00:00 0 
7f0660036000-7f0664000000 ---p 00000000 00:00 0 
7f0664000000-7f0664022000 rw-p 00000000 00:00 0 
7f0664022000-7f0668000000 ---p 00000000 00:00 0 
7f0668000000-7f0668027000 rw-p 00000000 00:00 0 
7f0668027000-7f066c000000 ---p 00000000 00:00 0 
7f066c000000-7f066c028000 rw-p 00000000 00:00 0 
7f066c028000-7f0670000000 ---p 00000000 00:00 0 
7f0670000000-7f0670021000 rw-p 00000000 00:00 0 
7f0670021000-7f0674000000 ---p 00000000 00:00 0 
7f0674000000-7f0674021000 rw-p 00000000 00:00 0 
7f0674021000-7f0678000000 ---p 00000000 00:00 0 
7f0678000000-7f0678521000 rw-p 00000000 00:00 0 
7f0678521000-7f067c000000 ---p 00000000 00:00 0 
7f067c000000-7f067c28c000 rw-p 00000000 00:00 0 
7f067c28c000-7f0680000000 ---p 00000000 00:00 0 
7f0680000000-7f0680784000 rw-p 00000000 00:00 0 
7f0680784000-7f0684000000 ---p 00000000 00:00 0 
7f0684000000-7f068425b000 rw-p 00000000 00:00 0 
7f068425b000-7f0688000000 ---p 00000000 00:00 0 
7f0688000000-7f0688021000 rw-p 00000000 00:00 0 
7f0688021000-7f068c000000 ---p 00000000 00:00 0 
7f068c000000-7f068c021000 rw-p 00000000 00:00 0 
7f068c021000-7f0690000000 ---p 00000000 00:00 0 
7f0690000000-7f0690021000 rw-p 00000000 00:00 0 
7f0690021000-7f0694000000 ---p 00000000 00:00 0 
7f0694000000-7f0694021000 rw-p 00000000 00:00 0 
7f0694021000-7f0698000000 ---p 00000000 00:00 0 
7f0698000000-7f0698021000 rw-p 00000000 00:00 0 
7f0698021000-7f069c000000 ---p 00000000 00:00 0 
7f069c000000-7f069c033000 rw-p 00000000 00:00 0 
7f069c033000-7f06a0000000 ---p 00000000 00:00 0 
7f06a0000000-7f06a0021000 rw-p 00000000 00:00 0 
7f06a0021000-7f06a4000000 ---p 00000000 00:00 0 
7f06a47ff000-7f06a4800000 ---p 00000000 00:00 0 
7f06a4800000-7f06a5000000 rw-p 00000000 00:00 0 
7f06a5000000-7f06a52c0000 rwxp 00000000 00:00 0 
7f06a52c0000-7f06b4000000 ---p 00000000 00:00 0 
7f06b4000000-7f06b402a000 rw-p 00000000 00:00 0 
7f06b402a000-7f06b8000000 ---p 00000000 00:00 0 
7f06b8398000-7f06b839b000 ---p 00000000 00:00 0 
7f06b839b000-7f06b855a000 rw-p 00000000 00:00 0 
7f06b855a000-7f06b855d000 ---p 00000000 00:00 0 
7f06b855d000-7f06b871c000 rw-p 00000000 00:00 0 
7f06b871c000-7f06b8779000 r-xp 00000000 08:01 25431365                   /usr/local/stata15/utilities/java/linux-x64/jre1.8.0_202/lib/amd64/libfontmanager.so
7f06b8779000-7f06b8979000 ---p 0005d000 08:01 25431365                   /usr/local/stata15/utilities/java/linux-x64/jre1.8.0_202/lib/amd64/libfontmanager.so
7f06b8979000-7f06b897c000 r--p 0005d000 08:01 25431365                   /usr/local/stata15/utilities/java/linux-x64/jre1.8.0_202/lib/amd64/libfontmanager.so
7f06b897c000-7f06b897d000 rw-p 00060000 08:01 25431365                   /usr/local/stata15/utilities/java/linux-x64/jre1.8.0_202/lib/amd64/libfontmanager.so
7f06b897d000-7f06b8a31000 r--s 00a02000 08:01 25430991                   /usr/local/stata15/utilities/jar/libdeps-core.jar
7f06b8a31000-7f06b8a32000 ---p 00000000 00:00 0 
7f06b8a32000-7f06b8b32000 rw-p 00000000 00:00 0 
7f06b8b32000-7f06b8b35000 ---p 00000000 00:00 0 
7f06b8b35000-7f06b8cf4000 rw-p 00000000 00:00 0 
7f06b8cf4000-7f06b8cf5000 ---p 00000000 00:00 0 
7f06b8cf5000-7f06b8cf8000 ---p 00000000 00:00 0 
7f06b8cf8000-7f06b8df5000 rw-p 00000000 00:00 0 
7f06b8df5000-7f06b8df6000 ---p 00000000 00:00 0 
7f06b8df6000-7f06b8df9000 ---p 00000000 00:00 0 
7f06b8df9000-7f06b8ef6000 rw-p 00000000 00:00 0 
7f06b8ef6000-7f06b8ef7000 ---p 00000000 00:00 0 
7f06b8ef7000-7f06b8efa000 ---p 00000000 00:00 0 
7f06b8efa000-7f06b8ff7000 rw-p 00000000 00:00 0 
7f06b8ff7000-7f06b8ff8000 ---p 00000000 00:00 0 
7f06b8ff8000-7f06b8ffb000 ---p 00000000 00:00 0 
7f06b8ffb000-7f06b90f8000 rw-p 00000000 00:00 0 
7f06b90f8000-7f06b90fb000 ---p 00000000 00:00 0 
7f06b90fb000-7f06b92ba000 rw-p 00000000 00:00 0 
7f06b92ba000-7f06b92bd000 ---p 00000000 00:00 0 
7f06b92bd000-7f06b947c000 rw-p 00000000 00:00 0 
7f06b947c000-7f06b947f000 ---p 00000000 00:00 0 
7f06b947f000-7f06b963e000 rw-p 00000000 00:00 0 
7f06b963e000-7f06b9641000 ---p 00000000 00:00 0 
7f06b9641000-7f06b9800000 rw-p 00000000 00:00 0 
7f06b9800000-7f06b9e00000 rw-p 00000000 00:00 0 
7f06b9e00000-7f06ba000000 ---p 00000000 00:00 0 
7f06ba000000-7f06bc000000 rw-p 00000000 00:00 0 
7f06bc000000-7f06bc022000 rw-p 00000000 00:00 0 
7f06bc022000-7f06c0000000 ---p 00000000 00:00 0 
7f06c0000000-7f06c0022000 rw-p 00000000 00:00 0 
7f06c0022000-7f06c4000000 ---p 00000000 00:00 0 
7f06c4000000-7f06c4022000 rw-p 00000000 00:00 0 
7f06c4022000-7f06c8000000 ---p 00000000 00:00 0 
7f06c8068000-7f06c8069000 ---p 00000000 00:00 0 
7f06c8069000-7f06c8169000 rw-p 00000000 00:00 0 
7f06c8169000-7f06c8343000 r--s 03d6a000 08:01 25431338                   /usr/local/stata15/utilities/java/linux-x64/jre1.8.0_202/lib/rt.jar
7f06c8343000-7f06c8344000 ---p 00000000 00:00 0 
7f06c8344000-7f06c8444000 rw-p 00000000 00:00 0 
7f06c8444000-7f06c8445000 ---p 00000000 00:00 0 
7f06c8445000-7f06c8545000 rw-p 00000000 00:00 0 
7f06c8545000-7f06c8546000 ---p 00000000 00:00 0 
7f06c8546000-7f06c8646000 rw-p 00000000 00:00 0 
7f06c8646000-7f06c8a5c000 rw-p 00000000 00:00 0 
7f06c8a5c000-7f06c8a87000 ---p 00000000 00:00 0 
7f06c8a87000-7f06c8ab1000 rw-p 00000000 00:00 0 
7f06c8ab1000-7f06c8b07000 ---p 00000000 00:00 0 
7f06c8b07000-7f06c8b08000 rw-p 00000000 00:00 0 
7f06c8b08000-7f06c8b09000 ---p 00000000 00:00 0 
7f06c8b09000-7f06c8c09000 rw-p 00000000 00:00 0 
7f06c8c09000-7f06c8c0a000 ---p 00000000 00:00 0 
7f06c8c0a000-7f06c8d0a000 rw-p 00000000 00:00 0 
7f06c8d0a000-7f06c8d0b000 ---p 00000000 00:00 0 
7f06c8d0b000-7f06c8e0b000 rw-p 00000000 00:00 0 
7f06c8e0b000-7f06c8e0c000 ---p 00000000 00:00 0 
7f06c8e0c000-7f06c8f0c000 rw-p 00000000 00:00 0 
7f06c8f0c000-7f06c8f0d000 ---p 00000000 00:00 0 
7f06c8f0d000-7f06c900d000 rw-p 00000000 00:00 0 
7f06c900d000-7f06c9018000 rw-p 00000000 00:00 0 
7f06c9018000-7f06c93cd000 ---p 00000000 00:00 0 
7f06c93cd000-7f06c93e8000 r-xp 00000000 08:01 25431388                   /usr/local/stata15/utilities/java/linux-x64/jre1.8.0_202/lib/amd64/libzip.so
7f06c93e8000-7f06c95e7000 ---p 0001b000 08:01 25431388                   /usr/local/stata15/utilities/java/linux-x64/jre1.8.0_202/lib/amd64/libzip.so
7f06c95e7000-7f06c95e8000 r--p 0001a000 08:01 25431388                   /usr/local/stata15/utilities/java/linux-x64/jre1.8.0_202/lib/amd64/libzip.so
7f06c95e8000-7f06c95e9000 rw-p 0001b000 08:01 25431388                   /usr/local/stata15/utilities/java/linux-x64/jre1.8.0_202/lib/amd64/libzip.so
7f06c95e9000-7f06c95f3000 r-xp 00000000 08:01 29494107                   /lib/x86_64-linux-gnu/libnss_files-2.24.so
7f06c95f3000-7f06c97f3000 ---p 0000a000 08:01 29494107                   /lib/x86_64-linux-gnu/libnss_files-2.24.so
7f06c97f3000-7f06c97f4000 r--p 0000a000 08:01 29494107                   /lib/x86_64-linux-gnu/libnss_files-2.24.so
7f06c97f4000-7f06c97f5000 rw-p 0000b000 08:01 29494107                   /lib/x86_64-linux-gnu/libnss_files-2.24.so
7f06c97f5000-7f06c97fb000 rw-p 00000000 00:00 0 
7f06c98df000-7f06c98e4000 r-xp 00000000 08:01 25566237                   /usr/lib/x86_64-linux-gnu/libXtst.so.6.1.0
7f06c98e4000-7f06c9ae3000 ---p 00005000 08:01 25566237                   /usr/lib/x86_64-linux-gnu/libXtst.so.6.1.0
7f06c9ae3000-7f06c9ae4000 r--p 00004000 08:01 25566237                   /usr/lib/x86_64-linux-gnu/libXtst.so.6.1.0
7f06c9ae4000-7f06c9ae5000 rw-p 00005000 08:01 25566237                   /usr/lib/x86_64-linux-gnu/libXtst.so.6.1.0
7f06c9ae5000-7f06c9b3f000 r-xp 00000000 08:01 25431409                   /usr/local/stata15/utilities/java/linux-x64/jre1.8.0_202/lib/amd64/libawt_xawt.so
7f06c9b3f000-7f06c9d3f000 ---p 0005a000 08:01 25431409                   /usr/local/stata15/utilities/java/linux-x64/jre1.8.0_202/lib/amd64/libawt_xawt.so
7f06c9d3f000-7f06c9d40000 r--p 0005a000 08:01 25431409                   /usr/local/stata15/utilities/java/linux-x64/jre1.8.0_202/lib/amd64/libawt_xawt.so
7f06c9d40000-7f06c9d43000 rw-p 0005b000 08:01 25431409                   /usr/local/stata15/utilities/java/linux-x64/jre1.8.0_202/lib/amd64/libawt_xawt.so
7f06c9d43000-7f06c9d45000 rw-p 00000000 00:00 0 
7f06c9d45000-7f06c9de5000 r-xp 00000000 08:01 25431351                   /usr/local/stata15/utilities/java/linux-x64/jre1.8.0_202/lib/amd64/libawt.so
7f06c9de5000-7f06c9fe4000 ---p 000a0000 08:01 25431351                   /usr/local/stata15/utilities/java/linux-x64/jre1.8.0_202/lib/amd64/libawt.so
7f06c9fe4000-7f06c9fe5000 r--p 0009f000 08:01 25431351                   /usr/local/stata15/utilities/java/linux-x64/jre1.8.0_202/lib/amd64/libawt.so
7f06c9fe5000-7f06c9ff0000 rw-p 000a0000 08:01 25431351                   /usr/local/stata15/utilities/java/linux-x64/jre1.8.0_202/lib/amd64/libawt.so
7f06c9ff0000-7f06ca015000 rw-p 00000000 00:00 0 
7f06ca015000-7f06cacfd000 r-xp 00000000 08:01 25431375                   /usr/local/stata15/utilities/java/linux-x64/jre1.8.0_202/lib/amd64/server/libjvm.so
7f06cacfd000-7f06caefc000 ---p 00ce8000 08:01 25431375                   /usr/local/stata15/utilities/java/linux-x64/jre1.8.0_202/lib/amd64/server/libjvm.so
7f06caefc000-7f06caf92000 r--p 00ce7000 08:01 25431375                   /usr/local/stata15/utilities/java/linux-x64/jre1.8.0_202/lib/amd64/server/libjvm.so
7f06caf92000-7f06cafc3000 rw-p 00d7d000 08:01 25431375                   /usr/local/stata15/utilities/java/linux-x64/jre1.8.0_202/lib/amd64/server/libjvm.so
7f06cafc3000-7f06caffe000 rw-p 00000000 00:00 0 
7f06cc000000-7f06cc022000 rw-p 00000000 00:00 0 
7f06cc022000-7f06d0000000 ---p 00000000 00:00 0 
7f06d0000000-7f06d0025000 rw-p 00000000 00:00 0 
7f06d0025000-7f06d4000000 ---p 00000000 00:00 0 
7f06d4000000-7f06d4022000 rw-p 00000000 00:00 0 
7f06d4022000-7f06d8000000 ---p 00000000 00:00 0 
7f06d8000000-7f06d8022000 rw-p 00000000 00:00 0 
7f06d8022000-7f06dc000000 ---p 00000000 00:00 0 
7f06dc000000-7f06dc022000 rw-p 00000000 00:00 0 
7f06dc022000-7f06e0000000 ---p 00000000 00:00 0 
7f06e0047000-7f06e0052000 r-xp 00000000 08:01 29494118                   /lib/x86_64-linux-gnu/libnss_nis-2.24.so
7f06e0052000-7f06e0251000 ---p 0000b000 08:01 29494118                   /lib/x86_64-linux-gnu/libnss_nis-2.24.so
7f06e0251000-7f06e0252000 r--p 0000a000 08:01 29494118                   /lib/x86_64-linux-gnu/libnss_nis-2.24.so
7f06e0252000-7f06e0253000 rw-p 0000b000 08:01 29494118                   /lib/x86_64-linux-gnu/libnss_nis-2.24.so
7f06e02c7000-7f06e02cc000 r-xp 00000000 08:01 29494105                   /lib/x86_64-linux-gnu/libnss_dns-2.24.so
7f06e02cc000-7f06e04cb000 ---p 00005000 08:01 29494105                   /lib/x86_64-linux-gnu/libnss_dns-2.24.so
7f06e04cb000-7f06e04cc000 r--p 00004000 08:01 29494105                   /lib/x86_64-linux-gnu/libnss_dns-2.24.so
7f06e04cc000-7f06e04cd000 rw-p 00005000 08:01 29494105                   /lib/x86_64-linux-gnu/libnss_dns-2.24.so
7f06e04cd000-7f06e04cf000 r-xp 00000000 08:01 29494113                   /lib/x86_64-linux-gnu/libnss_mdns4_minimal.so.2
7f06e04cf000-7f06e06ce000 ---p 00002000 08:01 29494113                   /lib/x86_64-linux-gnu/libnss_mdns4_minimal.so.2
7f06e06ce000-7f06e06cf000 r--p 00001000 08:01 29494113                   /lib/x86_64-linux-gnu/libnss_mdns4_minimal.so.2
7f06e06cf000-7f06e06d0000 rw-p 00002000 08:01 29494113                   /lib/x86_64-linux-gnu/libnss_mdns4_minimal.so.2
7f06e0803000-7f06e0804000 ---p 00000000 00:00 0 
7f06e0804000-7f06e1004000 rw-p 00000000 00:00 0 
7f06e2006000-7f06e2030000 rw-p 00000000 00:00 0 
7f06e2030000-7f06e2087000 ---p 00000000 00:00 0 
7f06e2087000-7f06e2088000 ---p 00000000 00:00 0 
7f06e2088000-7f06e2188000 rw-p 00000000 00:00 0 
7f06e2188000-7f06e219c000 r-xp 00000000 08:01 29494101                   /lib/x86_64-linux-gnu/libnsl-2.24.so
7f06e219c000-7f06e239c000 ---p 00014000 08:01 29494101                   /lib/x86_64-linux-gnu/libnsl-2.24.so
7f06e239c000-7f06e239d000 r--p 00014000 08:01 29494101                   /lib/x86_64-linux-gnu/libnsl-2.24.so
7f06e239d000-7f06e239e000 rw-p 00015000 08:01 29494101                   /lib/x86_64-linux-gnu/libnsl-2.24.so
7f06e239e000-7f06e23a0000 rw-p 00000000 00:00 0 
7f06e23a0000-7f06e23a7000 r-xp 00000000 08:01 29494103                   /lib/x86_64-linux-gnu/libnss_compat-2.24.so
7f06e23a7000-7f06e25a6000 ---p 00007000 08:01 29494103                   /lib/x86_64-linux-gnu/libnss_compat-2.24.so
7f06e25a6000-7f06e25a7000 r--p 00006000 08:01 29494103                   /lib/x86_64-linux-gnu/libnss_compat-2.24.so
7f06e25a7000-7f06e25a8000 rw-p 00007000 08:01 29494103                   /lib/x86_64-linux-gnu/libnss_compat-2.24.so
7f06e25a8000-7f06e25d4000 r-xp 00000000 08:01 25431390                   /usr/local/stata15/utilities/java/linux-x64/jre1.8.0_202/lib/amd64/libjava.so
7f06e25d4000-7f06e27d3000 ---p 0002c000 08:01 25431390                   /usr/local/stata15/utilities/java/linux-x64/jre1.8.0_202/lib/amd64/libjava.so
7f06e27d3000-7f06e27d4000 r--p 0002b000 08:01 25431390                   /usr/local/stata15/utilities/java/linux-x64/jre1.8.0_202/lib/amd64/libjava.so
7f06e27d4000-7f06e27d6000 rw-p 0002c000 08:01 25431390                   /usr/local/stata15/utilities/java/linux-x64/jre1.8.0_202/lib/amd64/libjava.so
7f06e27d6000-7f06e4000000 r--s 00000000 08:01 25431415                   /usr/local/stata15/utilities/icudt54l.dat
7f06e4000000-7f06e4022000 rw-p 00000000 00:00 0 
7f06e4022000-7f06e8000000 ---p 00000000 00:00 0 
7f06e8000000-7f06e8022000 rw-p 00000000 00:00 0 
7f06e8022000-7f06ec000000 ---p 00000000 00:00 0 
7f06ec032000-7f06ec03f000 r-xp 00000000 08:01 25431408                   /usr/local/stata15/utilities/java/linux-x64/jre1.8.0_202/lib/amd64/libverify.so
7f06ec03f000-7f06ec23e000 ---p 0000d000 08:01 25431408                   /usr/local/stata15/utilities/java/linux-x64/jre1.8.0_202/lib/amd64/libverify.so
7f06ec23e000-7f06ec240000 r--p 0000c000 08:01 25431408                   /usr/local/stata15/utilities/java/linux-x64/jre1.8.0_202/lib/amd64/libverify.so
7f06ec240000-7f06ec241000 rw-p 0000e000 08:01 25431408                   /usr/local/stata15/utilities/java/linux-x64/jre1.8.0_202/lib/amd64/libverify.so
7f06ec241000-7f06ec243000 r-xp 00000000 08:01 25565423                   /usr/lib/x86_64-linux-gnu/gconv/ISO8859-1.so
7f06ec243000-7f06ec442000 ---p 00002000 08:01 25565423                   /usr/lib/x86_64-linux-gnu/gconv/ISO8859-1.so
7f06ec442000-7f06ec443000 r--p 00001000 08:01 25565423                   /usr/lib/x86_64-linux-gnu/gconv/ISO8859-1.so
7f06ec443000-7f06ec444000 rw-p 00002000 08:01 25565423                   /usr/lib/x86_64-linux-gnu/gconv/ISO8859-1.so
7f06ec447000-7f06ec448000 ---p 00000000 00:00 0 
7f06ec448000-7f06ec548000 rw-p 00000000 00:00 0 
7f06ec548000-7f06ec549000 ---p 00000000 00:00 0 
7f06ec549000-7f06ec649000 rw-p 00000000 00:00 0 
7f06ec649000-7f06ec64a000 ---p 00000000 00:00 0 
7f06ec64a000-7f06ece4a000 rw-p 00000000 00:00 0 
7f06ece4a000-7f06ece6f000 r-xp 00000000 08:01 29494075                   /lib/x86_64-linux-gnu/liblzma.so.5.2.2
7f06ece6f000-7f06ed06e000 ---p 00025000 08:01 29494075                   /lib/x86_64-linux-gnu/liblzma.so.5.2.2
7f06ed06e000-7f06ed06f000 r--p 00024000 08:01 29494075                   /lib/x86_64-linux-gnu/liblzma.so.5.2.2
7f06ed06f000-7f06ed070000 rw-p 00025000 08:01 29494075                   /lib/x86_64-linux-gnu/liblzma.so.5.2.2
7f06ed070000-7f06ee8ec000 r-xp 00000000 08:01 25566909                   /usr/lib/x86_64-linux-gnu/libicudata.so.57.1
7f06ee8ec000-7f06eeaeb000 ---p 0187c000 08:01 25566909                   /usr/lib/x86_64-linux-gnu/libicudata.so.57.1
7f06eeaeb000-7f06eeaec000 r--p 0187b000 08:01 25566909                   /usr/lib/x86_64-linux-gnu/libicudata.so.57.1
7f06eeaec000-7f06eeaed000 rw-p 0187c000 08:01 25566909                   /usr/lib/x86_64-linux-gnu/libicudata.so.57.1
7f06eeaed000-7f06eec81000 r-xp 00000000 08:01 25566923                   /usr/lib/x86_64-linux-gnu/libicuuc.so.57.1
7f06eec81000-7f06eee80000 ---p 00194000 08:01 25566923                   /usr/lib/x86_64-linux-gnu/libicuuc.so.57.1
7f06eee80000-7f06eee92000 r--p 00193000 08:01 25566923                   /usr/lib/x86_64-linux-gnu/libicuuc.so.57.1
7f06eee92000-7f06eee93000 rw-p 001a5000 08:01 25566923                   /usr/lib/x86_64-linux-gnu/libicuuc.so.57.1
7f06eee93000-7f06eee95000 rw-p 00000000 00:00 0 
7f06eee95000-7f06ef100000 r-xp 00000000 08:01 25566911                   /usr/lib/x86_64-linux-gnu/libicui18n.so.57.1
7f06ef100000-7f06ef2ff000 ---p 0026b000 08:01 25566911                   /usr/lib/x86_64-linux-gnu/libicui18n.so.57.1
7f06ef2ff000-7f06ef30c000 r--p 0026a000 08:01 25566911                   /usr/lib/x86_64-linux-gnu/libicui18n.so.57.1
7f06ef30c000-7f06ef30e000 rw-p 00277000 08:01 25566911                   /usr/lib/x86_64-linux-gnu/libicui18n.so.57.1
7f06ef30e000-7f06ef30f000 rw-p 00000000 00:00 0 
7f06ef30f000-7f06ef4bf000 r-xp 00000000 08:01 25567737                   /usr/lib/x86_64-linux-gnu/libxml2.so.2.9.4
7f06ef4bf000-7f06ef6bf000 ---p 001b0000 08:01 25567737                   /usr/lib/x86_64-linux-gnu/libxml2.so.2.9.4
7f06ef6bf000-7f06ef6c7000 r--p 001b0000 08:01 25567737                   /usr/lib/x86_64-linux-gnu/libxml2.so.2.9.4
7f06ef6c7000-7f06ef6c9000 rw-p 001b8000 08:01 25567737                   /usr/lib/x86_64-linux-gnu/libxml2.so.2.9.4
7f06ef6c9000-7f06ef6ca000 rw-p 00000000 00:00 0 
7f06ef6ca000-7f06ef701000 r-xp 00000000 08:01 25566444                   /usr/lib/x86_64-linux-gnu/libcroco-0.6.so.3.0.1
7f06ef701000-7f06ef901000 ---p 00037000 08:01 25566444                   /usr/lib/x86_64-linux-gnu/libcroco-0.6.so.3.0.1
7f06ef901000-7f06ef904000 r--p 00037000 08:01 25566444                   /usr/lib/x86_64-linux-gnu/libcroco-0.6.so.3.0.1
7f06ef904000-7f06ef905000 rw-p 0003a000 08:01 25566444                   /usr/lib/x86_64-linux-gnu/libcroco-0.6.so.3.0.1
7f06ef905000-7f06ef93a000 r-xp 00000000 08:01 25567395                   /usr/lib/x86_64-linux-gnu/librsvg-2.so.2.40.16
7f06ef93a000-7f06efb39000 ---p 00035000 08:01 25567395                   /usr/lib/x86_64-linux-gnu/librsvg-2.so.2.40.16
7f06efb39000-7f06efb3a000 r--p 00034000 08:01 25567395                   /usr/lib/x86_64-linux-gnu/librsvg-2.so.2.40.16
7f06efb3a000-7f06efb3b000 rw-p 00035000 08:01 25567395                   /usr/lib/x86_64-linux-gnu/librsvg-2.so.2.40.16
7f06efb3b000-7f06efb3d000 r-xp 00000000 08:01 25565500                   /usr/lib/x86_64-linux-gnu/gdk-pixbuf-2.0/2.10.0/loaders/libpixbufloader-svg.so
7f06efb3d000-7f06efd3c000 ---p 00002000 08:01 25565500                   /usr/lib/x86_64-linux-gnu/gdk-pixbuf-2.0/2.10.0/loaders/libpixbufloader-svg.so
7f06efd3c000-7f06efd3d000 r--p 00001000 08:01 25565500                   /usr/lib/x86_64-linux-gnu/gdk-pixbuf-2.0/2.10.0/loaders/libpixbufloader-svg.so
7f06efd3d000-7f06efd3e000 rw-p 00002000 08:01 25565500                   /usr/lib/x86_64-linux-gnu/gdk-pixbuf-2.0/2.10.0/loaders/libpixbufloader-svg.so
7f06f0000000-7f06f0021000 rw-p 00000000 00:00 0 
7f06f0021000-7f06f4000000 ---p 00000000 00:00 0 
7f06f4013000-7f06f4051000 r--p 00000000 08:01 26479463                   /usr/share/fonts/truetype/dejavu/DejaVuSansMono-Oblique.ttf
7f06f4051000-7f06f4062000 rw-p 00000000 00:00 0 
7f06f4062000-7f06f406a000 rw-s 00000000 08:01 5505748                    /tmp/hsperfdata_ld-archer/5670
7f06f406a000-7f06f40ea000 rw-s 00000000 00:05 3178516                    /SYSV00000000 (deleted)
7f06f40ea000-7f06f4136000 r--p 00000000 08:01 26479592                   /usr/share/fonts/truetype/noto/NotoSans-Bold.ttf
7f06f414d000-7f06f4159000 r-xp 00000000 08:01 25565555                   /usr/lib/x86_64-linux-gnu/gio/modules/libdconfsettings.so
7f06f4159000-7f06f4358000 ---p 0000c000 08:01 25565555                   /usr/lib/x86_64-linux-gnu/gio/modules/libdconfsettings.so
7f06f4358000-7f06f4359000 r--p 0000b000 08:01 25565555                   /usr/lib/x86_64-linux-gnu/gio/modules/libdconfsettings.so
7f06f4359000-7f06f435a000 rw-p 0000c000 08:01 25565555                   /usr/lib/x86_64-linux-gnu/gio/modules/libdconfsettings.so
7f06f435a000-7f06f435b000 ---p 00000000 00:00 0 
7f06f435b000-7f06f4b5b000 rw-p 00000000 00:00 0 
7f06f4b5b000-7f06f4b5c000 ---p 00000000 00:00 0 
7f06f4b5c000-7f06f535c000 rw-p 00000000 00:00 0 
7f06f535c000-7f06f5375000 r-xp 00000000 08:01 25565559                   /usr/lib/x86_64-linux-gnu/gio/modules/libgioremote-volume-monitor.so
7f06f5375000-7f06f5575000 ---p 00019000 08:01 25565559                   /usr/lib/x86_64-linux-gnu/gio/modules/libgioremote-volume-monitor.so
7f06f5575000-7f06f5578000 r--p 00019000 08:01 25565559                   /usr/lib/x86_64-linux-gnu/gio/modules/libgioremote-volume-monitor.so
7f06f5578000-7f06f5579000 rw-p 0001c000 08:01 25565559                   /usr/lib/x86_64-linux-gnu/gio/modules/libgioremote-volume-monitor.so
7f06f5579000-7f06f557b000 r-xp 00000000 08:01 29494187                   /lib/x86_64-linux-gnu/libutil-2.24.so
7f06f557b000-7f06f577a000 ---p 00002000 08:01 29494187                   /lib/x86_64-linux-gnu/libutil-2.24.so
7f06f577a000-7f06f577b000 r--p 00001000 08:01 29494187                   /lib/x86_64-linux-gnu/libutil-2.24.so
7f06f577b000-7f06f577c000 rw-p 00002000 08:01 29494187                   /lib/x86_64-linux-gnu/libutil-2.24.so
7f06f577c000-7f06f5781000 r--s 002f9000 08:01 25431171                   /usr/local/stata15/utilities/java/linux-x64/jre1.8.0_202/lib/charsets.jar
7f06f5798000-7f06f57ce000 r-xp 00000000 08:01 25690355                   /usr/lib/x86_64-linux-gnu/gvfs/libgvfscommon.so
7f06f57ce000-7f06f59ce000 ---p 00036000 08:01 25690355                   /usr/lib/x86_64-linux-gnu/gvfs/libgvfscommon.so
7f06f59ce000-7f06f59d4000 r--p 00036000 08:01 25690355                   /usr/lib/x86_64-linux-gnu/gvfs/libgvfscommon.so
7f06f59d4000-7f06f59d5000 rw-p 0003c000 08:01 25690355                   /usr/lib/x86_64-linux-gnu/gvfs/libgvfscommon.so
7f06f59d5000-7f06f5a04000 r-xp 00000000 08:01 25565560                   /usr/lib/x86_64-linux-gnu/gio/modules/libgvfsdbus.so
7f06f5a04000-7f06f5c04000 ---p 0002f000 08:01 25565560                   /usr/lib/x86_64-linux-gnu/gio/modules/libgvfsdbus.so
7f06f5c04000-7f06f5c06000 r--p 0002f000 08:01 25565560                   /usr/lib/x86_64-linux-gnu/gio/modules/libgvfsdbus.so
7f06f5c06000-7f06f5c07000 rw-p 00031000 08:01 25565560                   /usr/lib/x86_64-linux-gnu/gio/modules/libgvfsdbus.so
7f06f5c07000-7f06f5c67000 rw-s 00000000 00:05 3145745                    /SYSV00000000 (deleted)
7f06f5c67000-7f06f5c6c000 r-xp 00000000 08:01 25565497                   /usr/lib/x86_64-linux-gnu/gdk-pixbuf-2.0/2.10.0/loaders/libpixbufloader-png.so
7f06f5c6c000-7f06f5e6b000 ---p 00005000 08:01 25565497                   /usr/lib/x86_64-linux-gnu/gdk-pixbuf-2.0/2.10.0/loaders/libpixbufloader-png.so
7f06f5e6b000-7f06f5e6c000 r--p 00004000 08:01 25565497                   /usr/lib/x86_64-linux-gnu/gdk-pixbuf-2.0/2.10.0/loaders/libpixbufloader-png.so
7f06f5e6c000-7f06f5e6d000 rw-p 00005000 08:01 25565497                   /usr/lib/x86_64-linux-gnu/gdk-pixbuf-2.0/2.10.0/loaders/libpixbufloader-png.so
7f06f5e6d000-7f06f5e8e000 r--s 00000000 08:01 27526163                   /usr/share/mime/mime.cache
7f06f5e8e000-7f06f5eaf000 r--s 00000000 08:01 27526163                   /usr/share/mime/mime.cache
7f06f5eaf000-7f06fa235000 rw-p 00000000 00:00 0 
7f06fa235000-7f06fa273000 r--p 00000000 08:01 26479462                   /usr/share/fonts/truetype/dejavu/DejaVuSansMono-BoldOblique.ttf
7f06fa273000-7f06fa2c5000 r--p 00000000 08:01 26479461                   /usr/share/fonts/truetype/dejavu/DejaVuSansMono-Bold.ttf
7f06fa2c5000-7f06fa37e000 r--p 00000000 08:01 26479456                   /usr/share/fonts/truetype/dejavu/DejaVuSans.ttf
7f06fa37e000-7f06fba8a000 rw-p 00000000 00:00 0 
7f06fba8a000-7f06fba90000 r-xp 00000000 08:01 25565504                   /usr/lib/x86_64-linux-gnu/gdk-pixbuf-2.0/2.10.0/loaders/libpixbufloader-xpm.so
7f06fba90000-7f06fbc8f000 ---p 00006000 08:01 25565504                   /usr/lib/x86_64-linux-gnu/gdk-pixbuf-2.0/2.10.0/loaders/libpixbufloader-xpm.so
7f06fbc8f000-7f06fbc90000 r--p 00005000 08:01 25565504                   /usr/lib/x86_64-linux-gnu/gdk-pixbuf-2.0/2.10.0/loaders/libpixbufloader-xpm.so
7f06fbc90000-7f06fbc91000 rw-p 00006000 08:01 25565504                   /usr/lib/x86_64-linux-gnu/gdk-pixbuf-2.0/2.10.0/loaders/libpixbufloader-xpm.so
7f06fbc91000-7f06fbc9b000 r-xp 00000000 08:01 25565852                   /usr/lib/x86_64-linux-gnu/gtk-2.0/2.10.0/engines/libpixmap.so
7f06fbc9b000-7f06fbe9a000 ---p 0000a000 08:01 25565852                   /usr/lib/x86_64-linux-gnu/gtk-2.0/2.10.0/engines/libpixmap.so
7f06fbe9a000-7f06fbe9b000 r--p 00009000 08:01 25565852                   /usr/lib/x86_64-linux-gnu/gtk-2.0/2.10.0/engines/libpixmap.so
7f06fbe9b000-7f06fbe9c000 rw-p 0000a000 08:01 25565852                   /usr/lib/x86_64-linux-gnu/gtk-2.0/2.10.0/engines/libpixmap.so
7f06fbe9c000-7f06fbecc000 r-xp 00000000 08:01 25565851                   /usr/lib/x86_64-linux-gnu/gtk-2.0/2.10.0/engines/libmurrine.so
7f06fbecc000-7f06fc0cc000 ---p 00030000 08:01 25565851                   /usr/lib/x86_64-linux-gnu/gtk-2.0/2.10.0/engines/libmurrine.so
7f06fc0cc000-7f06fc0cd000 r--p 00030000 08:01 25565851                   /usr/lib/x86_64-linux-gnu/gtk-2.0/2.10.0/engines/libmurrine.so
7f06fc0cd000-7f06fc0ce000 rw-p 00031000 08:01 25565851                   /usr/lib/x86_64-linux-gnu/gtk-2.0/2.10.0/engines/libmurrine.so
7f06fc0ce000-7f06fc0d5000 r-xp 00000000 08:01 25567196                   /usr/lib/x86_64-linux-gnu/libogg.so.0.8.2
7f06fc0d5000-7f06fc2d5000 ---p 00007000 08:01 25567196                   /usr/lib/x86_64-linux-gnu/libogg.so.0.8.2
7f06fc2d5000-7f06fc2d6000 r--p 00007000 08:01 25567196                   /usr/lib/x86_64-linux-gnu/libogg.so.0.8.2
7f06fc2d6000-7f06fc2d7000 rw-p 00008000 08:01 25567196                   /usr/lib/x86_64-linux-gnu/libogg.so.0.8.2
7f06fc2d7000-7f06fc301000 r-xp 00000000 08:01 25567610                   /usr/lib/x86_64-linux-gnu/libvorbis.so.0.4.8
7f06fc301000-7f06fc501000 ---p 0002a000 08:01 25567610                   /usr/lib/x86_64-linux-gnu/libvorbis.so.0.4.8
7f06fc501000-7f06fc502000 r--p 0002a000 08:01 25567610                   /usr/lib/x86_64-linux-gnu/libvorbis.so.0.4.8
7f06fc502000-7f06fc503000 rw-p 0002b000 08:01 25567610                   /usr/lib/x86_64-linux-gnu/libvorbis.so.0.4.8
7f06fc503000-7f06fc50c000 r-xp 00000000 08:01 25567028                   /usr/lib/x86_64-linux-gnu/libltdl.so.7.3.1
7f06fc50c000-7f06fc70b000 ---p 00009000 08:01 25567028                   /usr/lib/x86_64-linux-gnu/libltdl.so.7.3.1
7f06fc70b000-7f06fc70c000 r--p 00008000 08:01 25567028                   /usr/lib/x86_64-linux-gnu/libltdl.so.7.3.1
7f06fc70c000-7f06fc70d000 rw-p 00009000 08:01 25567028                   /usr/lib/x86_64-linux-gnu/libltdl.so.7.3.1
7f06fc70d000-7f06fc722000 r-xp 00000000 08:01 25567511                   /usr/lib/x86_64-linux-gnu/libtdb.so.1.3.11
7f06fc722000-7f06fc921000 ---p 00015000 08:01 25567511                   /usr/lib/x86_64-linux-gnu/libtdb.so.1.3.11
7f06fc921000-7f06fc922000 r--p 00014000 08:01 25567511                   /usr/lib/x86_64-linux-gnu/libtdb.so.1.3.11
7f06fc922000-7f06fc923000 rw-p 00015000 08:01 25567511                   /usr/lib/x86_64-linux-gnu/libtdb.so.1.3.11
7f06fc923000-7f06fc92b000 r-xp 00000000 08:01 25567614                   /usr/lib/x86_64-linux-gnu/libvorbisfile.so.3.3.7
7f06fc92b000-7f06fcb2a000 ---p 00008000 08:01 25567614                   /usr/lib/x86_64-linux-gnu/libvorbisfile.so.3.3.7
7f06fcb2a000-7f06fcb2b000 r--p 00007000 08:01 25567614                   /usr/lib/x86_64-linux-gnu/libvorbisfile.so.3.3.7
7f06fcb2b000-7f06fcb2c000 rw-p 00008000 08:01 25567614                   /usr/lib/x86_64-linux-gnu/libvorbisfile.so.3.3.7
7f06fcb2c000-7f06fcb3d000 r-xp 00000000 08:01 25566384                   /usr/lib/x86_64-linux-gnu/libcanberra.so.0.2.5
7f06fcb3d000-7f06fcd3c000 ---p 00011000 08:01 25566384                   /usr/lib/x86_64-linux-gnu/libcanberra.so.0.2.5
7f06fcd3c000-7f06fcd3d000 r--p 00010000 08:01 25566384                   /usr/lib/x86_64-linux-gnu/libcanberra.so.0.2.5
7f06fcd3d000-7f06fcd3e000 rw-p 00011000 08:01 25566384                   /usr/lib/x86_64-linux-gnu/libcanberra.so.0.2.5
7f06fcd3e000-7f06fcd42000 r-xp 00000000 08:01 25566380                   /usr/lib/x86_64-linux-gnu/libcanberra-gtk.so.0.1.9
7f06fcd42000-7f06fcf41000 ---p 00004000 08:01 25566380                   /usr/lib/x86_64-linux-gnu/libcanberra-gtk.so.0.1.9
7f06fcf41000-7f06fcf42000 r--p 00003000 08:01 25566380                   /usr/lib/x86_64-linux-gnu/libcanberra-gtk.so.0.1.9
7f06fcf42000-7f06fcf43000 rw-p 00004000 08:01 25566380                   /usr/lib/x86_64-linux-gnu/libcanberra-gtk.so.0.1.9
7f06fcf43000-7f06fcf48000 r-xp 00000000 08:01 25565872                   /usr/lib/x86_64-linux-gnu/gtk-2.0/modules/libcanberra-gtk-module.so
7f06fcf48000-7f06fd147000 ---p 00005000 08:01 25565872                   /usr/lib/x86_64-linux-gnu/gtk-2.0/modules/libcanberra-gtk-module.so
7f06fd147000-7f06fd148000 r--p 00004000 08:01 25565872                   /usr/lib/x86_64-linux-gnu/gtk-2.0/modules/libcanberra-gtk-module.so
7f06fd148000-7f06fd149000 rw-p 00005000 08:01 25565872                   /usr/lib/x86_64-linux-gnu/gtk-2.0/modules/libcanberra-gtk-module.so
7f06fd149000-7f06ff557000 r--p 00000000 08:01 25561845                   /usr/lib/locale/locale-archive
7f06ff557000-7f06ff56a000 r-xp 00000000 08:01 29494017                   /lib/x86_64-linux-gnu/libbsd.so.0.8.3
7f06ff56a000-7f06ff76a000 ---p 00013000 08:01 29494017                   /lib/x86_64-linux-gnu/libbsd.so.0.8.3
7f06ff76a000-7f06ff76b000 r--p 00013000 08:01 29494017                   /lib/x86_64-linux-gnu/libbsd.so.0.8.3
7f06ff76b000-7f06ff76c000 rw-p 00014000 08:01 29494017                   /lib/x86_64-linux-gnu/libbsd.so.0.8.3
7f06ff76c000-7f06ff76d000 rw-p 00000000 00:00 0 
7f06ff76d000-7f06ff774000 r-xp 00000000 08:01 25566472                   /usr/lib/x86_64-linux-gnu/libdatrie.so.1.3.3
7f06ff774000-7f06ff973000 ---p 00007000 08:01 25566472                   /usr/lib/x86_64-linux-gnu/libdatrie.so.1.3.3
7f06ff973000-7f06ff974000 r--p 00006000 08:01 25566472                   /usr/lib/x86_64-linux-gnu/libdatrie.so.1.3.3
7f06ff974000-7f06ff975000 rw-p 00007000 08:01 25566472                   /usr/lib/x86_64-linux-gnu/libdatrie.so.1.3.3
7f06ff975000-7f06ff97a000 r-xp 00000000 08:01 25566207                   /usr/lib/x86_64-linux-gnu/libXdmcp.so.6.0.0
7f06ff97a000-7f06ffb79000 ---p 00005000 08:01 25566207                   /usr/lib/x86_64-linux-gnu/libXdmcp.so.6.0.0
7f06ffb79000-7f06ffb7a000 r--p 00004000 08:01 25566207                   /usr/lib/x86_64-linux-gnu/libXdmcp.so.6.0.0
7f06ffb7a000-7f06ffb7b000 rw-p 00005000 08:01 25566207                   /usr/lib/x86_64-linux-gnu/libXdmcp.so.6.0.0
7f06ffb7b000-7f06ffb7e000 r-xp 00000000 08:01 25566196                   /usr/lib/x86_64-linux-gnu/libXau.so.6.0.0
7f06ffb7e000-7f06ffd7d000 ---p 00003000 08:01 25566196                   /usr/lib/x86_64-linux-gnu/libXau.so.6.0.0
7f06ffd7d000-7f06ffd7e000 r--p 00002000 08:01 25566196                   /usr/lib/x86_64-linux-gnu/libXau.so.6.0.0
7f06ffd7e000-7f06ffd7f000 rw-p 00003000 08:01 25566196                   /usr/lib/x86_64-linux-gnu/libXau.so.6.0.0
7f06ffd7f000-7f06ffdaa000 r-xp 00000000 08:01 25566766                   /usr/lib/x86_64-linux-gnu/libgraphite2.so.3.0.1
7f06ffdaa000-7f06fffa9000 ---p 0002b000 08:01 25566766                   /usr/lib/x86_64-linux-gnu/libgraphite2.so.3.0.1
7f06fffa9000-7f06fffab000 r--p 0002a000 08:01 25566766                   /usr/lib/x86_64-linux-gnu/libgraphite2.so.3.0.1
7f06fffab000-7f06fffac000 rw-p 0002c000 08:01 25566766                   /usr/lib/x86_64-linux-gnu/libgraphite2.so.3.0.1
7f06fffac000-7f06fffed000 r-xp 00000000 08:01 29494015                   /lib/x86_64-linux-gnu/libblkid.so.1.1.0
7f06fffed000-7f07001ec000 ---p 00041000 08:01 29494015                   /lib/x86_64-linux-gnu/libblkid.so.1.1.0
7f07001ec000-7f07001f0000 r--p 00040000 08:01 29494015                   /lib/x86_64-linux-gnu/libblkid.so.1.1.0
7f07001f0000-7f07001f1000 rw-p 00044000 08:01 29494015                   /lib/x86_64-linux-gnu/libblkid.so.1.1.0
7f07001f1000-7f07001f2000 rw-p 00000000 00:00 0 
7f07001f2000-7f0700264000 r-xp 00000000 08:01 29494138                   /lib/x86_64-linux-gnu/libpcre.so.3.13.3
7f0700264000-7f0700463000 ---p 00072000 08:01 29494138                   /lib/x86_64-linux-gnu/libpcre.so.3.13.3
7f0700463000-7f0700464000 r--p 00071000 08:01 29494138                   /lib/x86_64-linux-gnu/libpcre.so.3.13.3
7f0700464000-7f0700465000 rw-p 00072000 08:01 29494138                   /lib/x86_64-linux-gnu/libpcre.so.3.13.3
7f0700465000-7f070046c000 r-xp 00000000 08:01 25566585                   /usr/lib/x86_64-linux-gnu/libffi.so.6.0.4
7f070046c000-7f070066c000 ---p 00007000 08:01 25566585                   /usr/lib/x86_64-linux-gnu/libffi.so.6.0.4
7f070066c000-7f070066d000 r--p 00007000 08:01 25566585                   /usr/lib/x86_64-linux-gnu/libffi.so.6.0.4
7f070066d000-7f070066e000 rw-p 00008000 08:01 25566585                   /usr/lib/x86_64-linux-gnu/libffi.so.6.0.4
7f070066e000-7f0700672000 r-xp 00000000 08:01 29494190                   /lib/x86_64-linux-gnu/libuuid.so.1.3.0
7f0700672000-7f0700871000 ---p 00004000 08:01 29494190                   /lib/x86_64-linux-gnu/libuuid.so.1.3.0
7f0700871000-7f0700872000 r--p 00003000 08:01 29494190                   /lib/x86_64-linux-gnu/libuuid.so.1.3.0
7f0700872000-7f0700873000 rw-p 00004000 08:01 29494190                   /lib/x86_64-linux-gnu/libuuid.so.1.3.0
7f0700873000-7f070089a000 r-xp 00000000 08:01 29493516                   /lib/x86_64-linux-gnu/libexpat.so.1.6.2
7f070089a000-7f0700a9a000 ---p 00027000 08:01 29493516                   /lib/x86_64-linux-gnu/libexpat.so.1.6.2
7f0700a9a000-7f0700a9c000 r--p 00027000 08:01 29493516                   /lib/x86_64-linux-gnu/libexpat.so.1.6.2
7f0700a9c000-7f0700a9d000 rw-p 00029000 08:01 29493516                   /lib/x86_64-linux-gnu/libexpat.so.1.6.2
7f0700a9d000-7f0700aa5000 r-xp 00000000 08:01 25567519                   /usr/lib/x86_64-linux-gnu/libthai.so.0.3.0
7f0700aa5000-7f0700ca5000 ---p 00008000 08:01 25567519                   /usr/lib/x86_64-linux-gnu/libthai.so.0.3.0
7f0700ca5000-7f0700ca6000 r--p 00008000 08:01 25567519                   /usr/lib/x86_64-linux-gnu/libthai.so.0.3.0
7f0700ca6000-7f0700ca7000 rw-p 00009000 08:01 25567519                   /usr/lib/x86_64-linux-gnu/libthai.so.0.3.0
7f0700ca7000-7f0700cb3000 r-xp 00000000 08:01 25567687                   /usr/lib/x86_64-linux-gnu/libxcb-render.so.0.0.0
7f0700cb3000-7f0700eb3000 ---p 0000c000 08:01 25567687                   /usr/lib/x86_64-linux-gnu/libxcb-render.so.0.0.0
7f0700eb3000-7f0700eb4000 r--p 0000c000 08:01 25567687                   /usr/lib/x86_64-linux-gnu/libxcb-render.so.0.0.0
7f0700eb4000-7f0700eb5000 rw-p 0000d000 08:01 25567687                   /usr/lib/x86_64-linux-gnu/libxcb-render.so.0.0.0
7f0700eb5000-7f0700edc000 r-xp 00000000 08:01 25567705                   /usr/lib/x86_64-linux-gnu/libxcb.so.1.1.0
7f0700edc000-7f07010dc000 ---p 00027000 08:01 25567705                   /usr/lib/x86_64-linux-gnu/libxcb.so.1.1.0
7f07010dc000-7f07010dd000 r--p 00027000 08:01 25567705                   /usr/lib/x86_64-linux-gnu/libxcb.so.1.1.0
7f07010dd000-7f07010de000 rw-p 00028000 08:01 25567705                   /usr/lib/x86_64-linux-gnu/libxcb.so.1.1.0
7f07010de000-7f07010e0000 r-xp 00000000 08:01 25567691                   /usr/lib/x86_64-linux-gnu/libxcb-shm.so.0.0.0
7f07010e0000-7f07012e0000 ---p 00002000 08:01 25567691                   /usr/lib/x86_64-linux-gnu/libxcb-shm.so.0.0.0
7f07012e0000-7f07012e1000 r--p 00002000 08:01 25567691                   /usr/lib/x86_64-linux-gnu/libxcb-shm.so.0.0.0
7f07012e1000-7f07012e2000 rw-p 00003000 08:01 25567691                   /usr/lib/x86_64-linux-gnu/libxcb-shm.so.0.0.0
7f07012e2000-7f0701380000 r-xp 00000000 08:01 25567297                   /usr/lib/x86_64-linux-gnu/libpixman-1.so.0.34.0
7f0701380000-7f0701580000 ---p 0009e000 08:01 25567297                   /usr/lib/x86_64-linux-gnu/libpixman-1.so.0.34.0
7f0701580000-7f0701588000 r--p 0009e000 08:01 25567297                   /usr/lib/x86_64-linux-gnu/libpixman-1.so.0.34.0
7f0701588000-7f0701589000 rw-p 000a6000 08:01 25567297                   /usr/lib/x86_64-linux-gnu/libpixman-1.so.0.34.0
7f0701589000-7f07015ba000 r-xp 00000000 08:01 25564475                   /usr/lib/x86_64-linux-gnu/libpng16.so.16.28.0
7f07015ba000-7f07017ba000 ---p 00031000 08:01 25564475                   /usr/lib/x86_64-linux-gnu/libpng16.so.16.28.0
7f07017ba000-7f07017bb000 r--p 00031000 08:01 25564475                   /usr/lib/x86_64-linux-gnu/libpng16.so.16.28.0
7f07017bb000-7f07017bc000 rw-p 00032000 08:01 25564475                   /usr/lib/x86_64-linux-gnu/libpng16.so.16.28.0
7f07017bc000-7f070184f000 r-xp 00000000 08:01 25566875                   /usr/lib/x86_64-linux-gnu/libharfbuzz.so.0.10400.2
7f070184f000-7f0701a4e000 ---p 00093000 08:01 25566875                   /usr/lib/x86_64-linux-gnu/libharfbuzz.so.0.10400.2
7f0701a4e000-7f0701a50000 r--p 00092000 08:01 25566875                   /usr/lib/x86_64-linux-gnu/libharfbuzz.so.0.10400.2
7f0701a50000-7f0701a51000 rw-p 00094000 08:01 25566875                   /usr/lib/x86_64-linux-gnu/libharfbuzz.so.0.10400.2
7f0701a51000-7f0701a9b000 r-xp 00000000 08:01 29494084                   /lib/x86_64-linux-gnu/libmount.so.1.1.0
7f0701a9b000-7f0701c9b000 ---p 0004a000 08:01 29494084                   /lib/x86_64-linux-gnu/libmount.so.1.1.0
7f0701c9b000-7f0701c9c000 r--p 0004a000 08:01 29494084                   /lib/x86_64-linux-gnu/libmount.so.1.1.0
7f0701c9c000-7f0701c9d000 rw-p 0004b000 08:01 29494084                   /lib/x86_64-linux-gnu/libmount.so.1.1.0
7f0701c9d000-7f0701c9f000 rw-p 00000000 00:00 0 
7f0701c9f000-7f0701cb3000 r-xp 00000000 08:01 29494157                   /lib/x86_64-linux-gnu/libresolv-2.24.so
7f0701cb3000-7f0701eb2000 ---p 00014000 08:01 29494157                   /lib/x86_64-linux-gnu/libresolv-2.24.so
7f0701eb2000-7f0701eb3000 r--p 00013000 08:01 29494157                   /lib/x86_64-linux-gnu/libresolv-2.24.so
7f0701eb3000-7f0701eb4000 rw-p 00014000 08:01 29494157                   /lib/x86_64-linux-gnu/libresolv-2.24.so
7f0701eb4000-7f0701eb6000 rw-p 00000000 00:00 0 
7f0701eb6000-7f0701edb000 r-xp 00000000 08:01 29494163                   /lib/x86_64-linux-gnu/libselinux.so.1
7f0701edb000-7f07020da000 ---p 00025000 08:01 29494163                   /lib/x86_64-linux-gnu/libselinux.so.1
7f07020da000-7f07020db000 r--p 00024000 08:01 29494163                   /lib/x86_64-linux-gnu/libselinux.so.1
7f07020db000-7f07020dc000 rw-p 00025000 08:01 29494163                   /lib/x86_64-linux-gnu/libselinux.so.1
7f07020dc000-7f07020de000 rw-p 00000000 00:00 0 
7f07020de000-7f07020f7000 r-xp 00000000 08:01 29494195                   /lib/x86_64-linux-gnu/libz.so.1.2.8
7f07020f7000-7f07022f6000 ---p 00019000 08:01 29494195                   /lib/x86_64-linux-gnu/libz.so.1.2.8
7f07022f6000-7f07022f7000 r--p 00018000 08:01 29494195                   /lib/x86_64-linux-gnu/libz.so.1.2.8
7f07022f7000-7f07022f8000 rw-p 00019000 08:01 29494195                   /lib/x86_64-linux-gnu/libz.so.1.2.8
7f07022f8000-7f0702309000 r-xp 00000000 08:01 25566209                   /usr/lib/x86_64-linux-gnu/libXext.so.6.4.0
7f0702309000-7f0702508000 ---p 00011000 08:01 25566209                   /usr/lib/x86_64-linux-gnu/libXext.so.6.4.0
7f0702508000-7f0702509000 r--p 00010000 08:01 25566209                   /usr/lib/x86_64-linux-gnu/libXext.so.6.4.0
7f0702509000-7f070250a000 rw-p 00011000 08:01 25566209                   /usr/lib/x86_64-linux-gnu/libXext.so.6.4.0
7f070250a000-7f0702514000 r-xp 00000000 08:01 25566203                   /usr/lib/x86_64-linux-gnu/libXcursor.so.1.0.2
7f0702514000-7f0702713000 ---p 0000a000 08:01 25566203                   /usr/lib/x86_64-linux-gnu/libXcursor.so.1.0.2
7f0702713000-7f0702714000 r--p 00009000 08:01 25566203                   /usr/lib/x86_64-linux-gnu/libXcursor.so.1.0.2
7f0702714000-7f0702715000 rw-p 0000a000 08:01 25566203                   /usr/lib/x86_64-linux-gnu/libXcursor.so.1.0.2
7f0702715000-7f070271f000 r-xp 00000000 08:01 25566229                   /usr/lib/x86_64-linux-gnu/libXrandr.so.2.2.0
7f070271f000-7f070291e000 ---p 0000a000 08:01 25566229                   /usr/lib/x86_64-linux-gnu/libXrandr.so.2.2.0
7f070291e000-7f070291f000 r--p 00009000 08:01 25566229                   /usr/lib/x86_64-linux-gnu/libXrandr.so.2.2.0
7f070291f000-7f0702920000 rw-p 0000a000 08:01 25566229                   /usr/lib/x86_64-linux-gnu/libXrandr.so.2.2.0
7f0702920000-7f070292f000 r-xp 00000000 08:01 25566219                   /usr/lib/x86_64-linux-gnu/libXi.so.6.1.0
7f070292f000-7f0702b2e000 ---p 0000f000 08:01 25566219                   /usr/lib/x86_64-linux-gnu/libXi.so.6.1.0
7f0702b2e000-7f0702b2f000 r--p 0000e000 08:01 25566219                   /usr/lib/x86_64-linux-gnu/libXi.so.6.1.0
7f0702b2f000-7f0702b30000 rw-p 0000f000 08:01 25566219                   /usr/lib/x86_64-linux-gnu/libXi.so.6.1.0
7f0702b30000-7f0702b32000 r-xp 00000000 08:01 25566221                   /usr/lib/x86_64-linux-gnu/libXinerama.so.1.0.0
7f0702b32000-7f0702d31000 ---p 00002000 08:01 25566221                   /usr/lib/x86_64-linux-gnu/libXinerama.so.1.0.0
7f0702d31000-7f0702d32000 r--p 00001000 08:01 25566221                   /usr/lib/x86_64-linux-gnu/libXinerama.so.1.0.0
7f0702d32000-7f0702d33000 rw-p 00002000 08:01 25566221                   /usr/lib/x86_64-linux-gnu/libXinerama.so.1.0.0
7f0702d33000-7f0702d3c000 r-xp 00000000 08:01 25566231                   /usr/lib/x86_64-linux-gnu/libXrender.so.1.3.0
7f0702d3c000-7f0702f3b000 ---p 00009000 08:01 25566231                   /usr/lib/x86_64-linux-gnu/libXrender.so.1.3.0
7f0702f3b000-7f0702f3c000 r--p 00008000 08:01 25566231                   /usr/lib/x86_64-linux-gnu/libXrender.so.1.3.0
7f0702f3c000-7f0702f3d000 rw-p 00009000 08:01 25566231                   /usr/lib/x86_64-linux-gnu/libXrender.so.1.3.0
7f0702f3d000-7f0702f42000 r-xp 00000000 08:01 25566211                   /usr/lib/x86_64-linux-gnu/libXfixes.so.3.1.0
7f0702f42000-7f0703141000 ---p 00005000 08:01 25566211                   /usr/lib/x86_64-linux-gnu/libXfixes.so.3.1.0
7f0703141000-7f0703142000 r--p 00004000 08:01 25566211                   /usr/lib/x86_64-linux-gnu/libXfixes.so.3.1.0
7f0703142000-7f0703143000 rw-p 00005000 08:01 25566211                   /usr/lib/x86_64-linux-gnu/libXfixes.so.3.1.0
7f0703143000-7f0703145000 r-xp 00000000 08:01 25566205                   /usr/lib/x86_64-linux-gnu/libXdamage.so.1.1.0
7f0703145000-7f0703344000 ---p 00002000 08:01 25566205                   /usr/lib/x86_64-linux-gnu/libXdamage.so.1.1.0
7f0703344000-7f0703345000 r--p 00001000 08:01 25566205                   /usr/lib/x86_64-linux-gnu/libXdamage.so.1.1.0
7f0703345000-7f0703346000 rw-p 00002000 08:01 25566205                   /usr/lib/x86_64-linux-gnu/libXdamage.so.1.1.0
7f0703346000-7f0703348000 r-xp 00000000 08:01 25566201                   /usr/lib/x86_64-linux-gnu/libXcomposite.so.1.0.0
7f0703348000-7f0703547000 ---p 00002000 08:01 25566201                   /usr/lib/x86_64-linux-gnu/libXcomposite.so.1.0.0
7f0703547000-7f0703548000 r--p 00001000 08:01 25566201                   /usr/lib/x86_64-linux-gnu/libXcomposite.so.1.0.0
7f0703548000-7f0703549000 rw-p 00002000 08:01 25566201                   /usr/lib/x86_64-linux-gnu/libXcomposite.so.1.0.0
7f0703549000-7f0703683000 r-xp 00000000 08:01 25566190                   /usr/lib/x86_64-linux-gnu/libX11.so.6.3.0
7f0703683000-7f0703883000 ---p 0013a000 08:01 25566190                   /usr/lib/x86_64-linux-gnu/libX11.so.6.3.0
7f0703883000-7f0703884000 r--p 0013a000 08:01 25566190                   /usr/lib/x86_64-linux-gnu/libX11.so.6.3.0
7f0703884000-7f0703889000 rw-p 0013b000 08:01 25566190                   /usr/lib/x86_64-linux-gnu/libX11.so.6.3.0
7f0703889000-7f070388c000 r-xp 00000000 08:01 29494040                   /lib/x86_64-linux-gnu/libdl-2.24.so
7f070388c000-7f0703a8b000 ---p 00003000 08:01 29494040                   /lib/x86_64-linux-gnu/libdl-2.24.so
7f0703a8b000-7f0703a8c000 r--p 00002000 08:01 29494040                   /lib/x86_64-linux-gnu/libdl-2.24.so
7f0703a8c000-7f0703a8d000 rw-p 00003000 08:01 29494040                   /lib/x86_64-linux-gnu/libdl-2.24.so
7f0703a8d000-7f0703b90000 r-xp 00000000 08:01 29494078                   /lib/x86_64-linux-gnu/libm-2.24.so
7f0703b90000-7f0703d8f000 ---p 00103000 08:01 29494078                   /lib/x86_64-linux-gnu/libm-2.24.so
7f0703d8f000-7f0703d90000 r--p 00102000 08:01 29494078                   /lib/x86_64-linux-gnu/libm-2.24.so
7f0703d90000-7f0703d91000 rw-p 00103000 08:01 29494078                   /lib/x86_64-linux-gnu/libm-2.24.so
7f0703d91000-7f0703f26000 r-xp 00000000 08:01 29494021                   /lib/x86_64-linux-gnu/libc-2.24.so
7f0703f26000-7f0704126000 ---p 00195000 08:01 29494021                   /lib/x86_64-linux-gnu/libc-2.24.so
7f0704126000-7f070412a000 r--p 00195000 08:01 29494021                   /lib/x86_64-linux-gnu/libc-2.24.so
7f070412a000-7f070412c000 rw-p 00199000 08:01 29494021                   /lib/x86_64-linux-gnu/libc-2.24.so
7f070412c000-7f0704130000 rw-p 00000000 00:00 0 
7f0704130000-7f0704148000 r-xp 00000000 08:01 29494151                   /lib/x86_64-linux-gnu/libpthread-2.24.so
7f0704148000-7f0704347000 ---p 00018000 08:01 29494151                   /lib/x86_64-linux-gnu/libpthread-2.24.so
7f0704347000-7f0704348000 r--p 00017000 08:01 29494151                   /lib/x86_64-linux-gnu/libpthread-2.24.so
7f0704348000-7f0704349000 rw-p 00018000 08:01 29494151                   /lib/x86_64-linux-gnu/libpthread-2.24.so
7f0704349000-7f070434d000 rw-p 00000000 00:00 0 
7f070434d000-7f0704363000 r-xp 00000000 08:01 29494054                   /lib/x86_64-linux-gnu/libgcc_s.so.1
7f0704363000-7f0704562000 ---p 00016000 08:01 29494054                   /lib/x86_64-linux-gnu/libgcc_s.so.1
7f0704562000-7f0704563000 r--p 00015000 08:01 29494054                   /lib/x86_64-linux-gnu/libgcc_s.so.1
7f0704563000-7f0704564000 rw-p 00016000 08:01 29494054                   /lib/x86_64-linux-gnu/libgcc_s.so.1
7f0704564000-7f0704588000 r-xp 00000000 08:01 29493365                   /lib/x86_64-linux-gnu/libpng12.so.0.54.0
7f0704588000-7f0704787000 ---p 00024000 08:01 29493365                   /lib/x86_64-linux-gnu/libpng12.so.0.54.0
7f0704787000-7f0704788000 r--p 00023000 08:01 29493365                   /lib/x86_64-linux-gnu/libpng12.so.0.54.0
7f0704788000-7f0704789000 rw-p 00024000 08:01 29493365                   /lib/x86_64-linux-gnu/libpng12.so.0.54.0
7f0704789000-7f070489e000 r-xp 00000000 08:01 25566719                   /usr/lib/x86_64-linux-gnu/libglib-2.0.so.0.5600.1
7f070489e000-7f0704a9e000 ---p 00115000 08:01 25566719                   /usr/lib/x86_64-linux-gnu/libglib-2.0.so.0.5600.1
7f0704a9e000-7f0704a9f000 r--p 00115000 08:01 25566719                   /usr/lib/x86_64-linux-gnu/libglib-2.0.so.0.5600.1
7f0704a9f000-7f0704aa0000 rw-p 00116000 08:01 25566719                   /usr/lib/x86_64-linux-gnu/libglib-2.0.so.0.5600.1
7f0704aa0000-7f0704aa1000 rw-p 00000000 00:00 0 
7f0704aa1000-7f0704aa8000 r-xp 00000000 08:01 29494159                   /lib/x86_64-linux-gnu/librt-2.24.so
7f0704aa8000-7f0704ca7000 ---p 00007000 08:01 29494159                   /lib/x86_64-linux-gnu/librt-2.24.so
7f0704ca7000-7f0704ca8000 r--p 00006000 08:01 29494159                   /lib/x86_64-linux-gnu/librt-2.24.so
7f0704ca8000-7f0704ca9000 rw-p 00007000 08:01 29494159                   /lib/x86_64-linux-gnu/librt-2.24.so
7f0704ca9000-7f0704caa000 r-xp 00000000 08:01 25566840                   /usr/lib/x86_64-linux-gnu/libgthread-2.0.so.0.5600.1
7f0704caa000-7f0704ea9000 ---p 00001000 08:01 25566840                   /usr/lib/x86_64-linux-gnu/libgthread-2.0.so.0.5600.1
7f0704ea9000-7f0704eaa000 r--p 00000000 08:01 25566840                   /usr/lib/x86_64-linux-gnu/libgthread-2.0.so.0.5600.1
7f0704eaa000-7f0704eab000 rw-p 00001000 08:01 25566840                   /usr/lib/x86_64-linux-gnu/libgthread-2.0.so.0.5600.1
7f0704eab000-7f0704eae000 r-xp 00000000 08:01 25566729                   /usr/lib/x86_64-linux-gnu/libgmodule-2.0.so.0.5600.1
7f0704eae000-7f07050ad000 ---p 00003000 08:01 25566729                   /usr/lib/x86_64-linux-gnu/libgmodule-2.0.so.0.5600.1
7f07050ad000-7f07050ae000 r--p 00002000 08:01 25566729                   /usr/lib/x86_64-linux-gnu/libgmodule-2.0.so.0.5600.1
7f07050ae000-7f07050af000 rw-p 00003000 08:01 25566729                   /usr/lib/x86_64-linux-gnu/libgmodule-2.0.so.0.5600.1
7f07050af000-7f0705101000 r-xp 00000000 08:01 25566747                   /usr/lib/x86_64-linux-gnu/libgobject-2.0.so.0.5600.1
7f0705101000-7f0705300000 ---p 00052000 08:01 25566747                   /usr/lib/x86_64-linux-gnu/libgobject-2.0.so.0.5600.1
7f0705300000-7f0705301000 r--p 00051000 08:01 25566747                   /usr/lib/x86_64-linux-gnu/libgobject-2.0.so.0.5600.1
7f0705301000-7f0705302000 rw-p 00052000 08:01 25566747                   /usr/lib/x86_64-linux-gnu/libgobject-2.0.so.0.5600.1
7f0705302000-7f0705343000 r-xp 00000000 08:01 25566629                   /usr/lib/x86_64-linux-gnu/libfontconfig.so.1.11.1
7f0705343000-7f0705542000 ---p 00041000 08:01 25566629                   /usr/lib/x86_64-linux-gnu/libfontconfig.so.1.11.1
7f0705542000-7f0705544000 r--p 00040000 08:01 25566629                   /usr/lib/x86_64-linux-gnu/libfontconfig.so.1.11.1
7f0705544000-7f0705545000 rw-p 00042000 08:01 25566629                   /usr/lib/x86_64-linux-gnu/libfontconfig.so.1.11.1
7f0705545000-7f07055f4000 r-xp 00000000 08:01 25566641                   /usr/lib/x86_64-linux-gnu/libfreetype.so.6.15.0
7f07055f4000-7f07057f3000 ---p 000af000 08:01 25566641                   /usr/lib/x86_64-linux-gnu/libfreetype.so.6.15.0
7f07057f3000-7f07057fa000 r--p 000ae000 08:01 25566641                   /usr/lib/x86_64-linux-gnu/libfreetype.so.6.15.0
7f07057fa000-7f07057fb000 rw-p 000b5000 08:01 25566641                   /usr/lib/x86_64-linux-gnu/libfreetype.so.6.15.0
7f07057fb000-7f0705844000 r-xp 00000000 08:01 25567263                   /usr/lib/x86_64-linux-gnu/libpango-1.0.so.0.4000.5
7f0705844000-7f0705a43000 ---p 00049000 08:01 25567263                   /usr/lib/x86_64-linux-gnu/libpango-1.0.so.0.4000.5
7f0705a43000-7f0705a46000 r--p 00048000 08:01 25567263                   /usr/lib/x86_64-linux-gnu/libpango-1.0.so.0.4000.5
7f0705a46000-7f0705a47000 rw-p 0004b000 08:01 25567263                   /usr/lib/x86_64-linux-gnu/libpango-1.0.so.0.4000.5
7f0705a47000-7f0705b55000 r-xp 00000000 08:01 25566374                   /usr/lib/x86_64-linux-gnu/libcairo.so.2.11400.8
7f0705b55000-7f0705d55000 ---p 0010e000 08:01 25566374                   /usr/lib/x86_64-linux-gnu/libcairo.so.2.11400.8
7f0705d55000-7f0705d58000 r--p 0010e000 08:01 25566374                   /usr/lib/x86_64-linux-gnu/libcairo.so.2.11400.8
7f0705d58000-7f0705d59000 rw-p 00111000 08:01 25566374                   /usr/lib/x86_64-linux-gnu/libcairo.so.2.11400.8
7f0705d59000-7f0705d5b000 rw-p 00000000 00:00 0 
7f0705d5b000-7f0705d7d000 r-xp 00000000 08:01 25566684                   /usr/lib/x86_64-linux-gnu/libgdk_pixbuf-2.0.so.0.3600.5
7f0705d7d000-7f0705f7d000 ---p 00022000 08:01 25566684                   /usr/lib/x86_64-linux-gnu/libgdk_pixbuf-2.0.so.0.3600.5
7f0705f7d000-7f0705f7e000 r--p 00022000 08:01 25566684                   /usr/lib/x86_64-linux-gnu/libgdk_pixbuf-2.0.so.0.3600.5
7f0705f7e000-7f0705f7f000 rw-p 00023000 08:01 25566684                   /usr/lib/x86_64-linux-gnu/libgdk_pixbuf-2.0.so.0.3600.5
7f0705f7f000-7f0705f8b000 r-xp 00000000 08:01 25567265                   /usr/lib/x86_64-linux-gnu/libpangocairo-1.0.so.0.4000.5
7f0705f8b000-7f070618a000 ---p 0000c000 08:01 25567265                   /usr/lib/x86_64-linux-gnu/libpangocairo-1.0.so.0.4000.5
7f070618a000-7f070618b000 r--p 0000b000 08:01 25567265                   /usr/lib/x86_64-linux-gnu/libpangocairo-1.0.so.0.4000.5
7f070618b000-7f070618c000 rw-p 0000c000 08:01 25567265                   /usr/lib/x86_64-linux-gnu/libpangocairo-1.0.so.0.4000.5
7f070618c000-7f07061a0000 r-xp 00000000 08:01 25567267                   /usr/lib/x86_64-linux-gnu/libpangoft2-1.0.so.0.4000.5
7f07061a0000-7f07063a0000 ---p 00014000 08:01 25567267                   /usr/lib/x86_64-linux-gnu/libpangoft2-1.0.so.0.4000.5
7f07063a0000-7f07063a1000 r--p 00014000 08:01 25567267                   /usr/lib/x86_64-linux-gnu/libpangoft2-1.0.so.0.4000.5
7f07063a1000-7f07063a2000 rw-p 00015000 08:01 25567267                   /usr/lib/x86_64-linux-gnu/libpangoft2-1.0.so.0.4000.5
7f07063a2000-7f0706536000 r-xp 00000000 08:01 25566709                   /usr/lib/x86_64-linux-gnu/libgio-2.0.so.0.5600.1
7f0706536000-7f0706736000 ---p 00194000 08:01 25566709                   /usr/lib/x86_64-linux-gnu/libgio-2.0.so.0.5600.1
7f0706736000-7f070673d000 r--p 00194000 08:01 25566709                   /usr/lib/x86_64-linux-gnu/libgio-2.0.so.0.5600.1
7f070673d000-7f070673e000 rw-p 0019b000 08:01 25566709                   /usr/lib/x86_64-linux-gnu/libgio-2.0.so.0.5600.1
7f070673e000-7f0706740000 rw-p 00000000 00:00 0 
7f0706740000-7f0706763000 r-xp 00000000 08:01 25566293                   /usr/lib/x86_64-linux-gnu/libatk-1.0.so.0.22209.1
7f0706763000-7f0706962000 ---p 00023000 08:01 25566293                   /usr/lib/x86_64-linux-gnu/libatk-1.0.so.0.22209.1
7f0706962000-7f0706965000 r--p 00022000 08:01 25566293                   /usr/lib/x86_64-linux-gnu/libatk-1.0.so.0.22209.1
7f0706965000-7f0706966000 rw-p 00025000 08:01 25566293                   /usr/lib/x86_64-linux-gnu/libatk-1.0.so.0.22209.1
7f0706966000-7f0706a16000 r-xp 00000000 08:01 25566682                   /usr/lib/x86_64-linux-gnu/libgdk-x11-2.0.so.0.2400.31
7f0706a16000-7f0706c15000 ---p 000b0000 08:01 25566682                   /usr/lib/x86_64-linux-gnu/libgdk-x11-2.0.so.0.2400.31
7f0706c15000-7f0706c19000 r--p 000af000 08:01 25566682                   /usr/lib/x86_64-linux-gnu/libgdk-x11-2.0.so.0.2400.31
7f0706c19000-7f0706c1b000 rw-p 000b3000 08:01 25566682                   /usr/lib/x86_64-linux-gnu/libgdk-x11-2.0.so.0.2400.31
7f0706c1b000-7f0707057000 r-xp 00000000 08:01 25566844                   /usr/lib/x86_64-linux-gnu/libgtk-x11-2.0.so.0.2400.31
7f0707057000-7f0707256000 ---p 0043c000 08:01 25566844                   /usr/lib/x86_64-linux-gnu/libgtk-x11-2.0.so.0.2400.31
7f0707256000-7f070725d000 r--p 0043b000 08:01 25566844                   /usr/lib/x86_64-linux-gnu/libgtk-x11-2.0.so.0.2400.31
7f070725d000-7f0707261000 rw-p 00442000 08:01 25566844                   /usr/lib/x86_64-linux-gnu/libgtk-x11-2.0.so.0.2400.31
7f0707261000-7f0707264000 rw-p 00000000 00:00 0 
7f0707264000-7f07073d6000 r-xp 00000000 08:01 25567490                   /usr/lib/x86_64-linux-gnu/libstdc++.so.6.0.22
7f07073d6000-7f07075d6000 ---p 00172000 08:01 25567490                   /usr/lib/x86_64-linux-gnu/libstdc++.so.6.0.22
7f07075d6000-7f07075e0000 r--p 00172000 08:01 25567490                   /usr/lib/x86_64-linux-gnu/libstdc++.so.6.0.22
7f07075e0000-7f07075e2000 rw-p 0017c000 08:01 25567490                   /usr/lib/x86_64-linux-gnu/libstdc++.so.6.0.22
7f07075e2000-7f07075e6000 rw-p 00000000 00:00 0 
7f07075e6000-7f0707609000 r-xp 00000000 08:01 29493997                   /lib/x86_64-linux-gnu/ld-2.24.so
7f070760a000-7f070760c000 r--s 0002b000 08:01 25430990                   /usr/local/stata15/utilities/jar/libstata-core.jar
7f070760c000-7f070760d000 r--s 00003000 08:01 25430992                   /usr/local/stata15/utilities/jar/sfi-api.jar
7f070760d000-7f070760e000 rw-p 00000000 00:00 0 
7f070760e000-7f070760f000 r--p 00000000 00:00 0 
7f070761d000-7f0707620000 r--p 00000000 08:01 27396723                   /usr/share/locale/en_GB/LC_MESSAGES/atk10.mo
7f0707620000-7f0707621000 r--s 00000000 08:01 19796052                   /home/ld-archer/.local/share/mime/mime.cache
7f0707621000-7f070766c000 r--p 00000000 08:01 26479595                   /usr/share/fonts/truetype/noto/NotoSans-Regular.ttf
7f070766c000-7f07076cc000 rw-s 00000000 00:05 3047438                    /SYSV00000000 (deleted)
7f07076cc000-7f07076d2000 r--p 00000000 08:01 27396736                   /usr/share/locale/en_GB/LC_MESSAGES/gdk-pixbuf.mo
7f07076d2000-7f0707726000 r--p 00000000 08:01 26479464                   /usr/share/fonts/truetype/dejavu/DejaVuSansMono.ttf
7f0707726000-7f0707732000 r--s 00000000 08:01 8134985                    /var/cache/fontconfig/86eeb752-64e0-4418-b8c9-fee666c28d92-le64.cache-7
7f0707732000-7f0707734000 r--s 00000000 08:01 8134993                    /var/cache/fontconfig/733f88a1-bd13-475f-b9a7-145e8172c2ed-le64.cache-7
7f0707734000-7f0707737000 r--s 00000000 08:01 8135002                    /var/cache/fontconfig/a4193469-7bc4-4d84-87ab-a0681df66f49-le64.cache-7
7f0707737000-7f070773f000 r--s 00000000 08:01 8134995                    /var/cache/fontconfig/f2926246-4a27-449c-890e-c2a2de450b91-le64.cache-7
7f070773f000-7f0707743000 r--s 00000000 08:01 8135000                    /var/cache/fontconfig/c03cbe7f-ed2c-4482-8542-26933e546702-le64.cache-7
7f0707743000-7f0707744000 r--s 00000000 08:01 8134988                    /var/cache/fontconfig/de1dc13a-0574-4f80-af56-e080e880bd9c-le64.cache-7
7f0707744000-7f070776d000 r--s 00000000 08:01 8134991                    /var/cache/fontconfig/7bd3b370-62ce-46ec-9915-eccfc743d954-le64.cache-7
7f070776d000-7f0707784000 r--s 00000000 08:01 8134990                    /var/cache/fontconfig/95d68af1-8608-437b-9134-28297beecaee-le64.cache-7
7f0707784000-7f0707788000 r--s 00000000 08:01 8134994                    /var/cache/fontconfig/8e44eae0-15ae-47de-b123-3c8dd223b9c4-le64.cache-7
7f0707788000-7f070778f000 r--s 00000000 08:01 8134977                    /var/cache/fontconfig/b827981e-3a6f-4c2f-8fb3-ba13120a6b1f-le64.cache-7
7f070778f000-7f0707797000 r--s 00000000 08:01 8134979                    /var/cache/fontconfig/462f7f78-00b5-4c8a-ba43-0b7d3baf0363-le64.cache-7
7f0707797000-7f07077a3000 r--s 00000000 08:01 8134969                    /var/cache/fontconfig/ce232515-e215-4d10-a12f-a14150b55eb0-le64.cache-7
7f07077a3000-7f07077a7000 r--s 00000000 08:01 8134978                    /var/cache/fontconfig/08197742-8232-4572-852f-6ed43409519e-le64.cache-7
7f07077a7000-7f07077aa000 r--s 00000000 08:01 8134999                    /var/cache/fontconfig/296cb04f-d21b-490f-8b00-3e58ab17f27e-le64.cache-7
7f07077aa000-7f07077ac000 r--s 00000000 08:01 8134974                    /var/cache/fontconfig/22222769-feb6-4f6b-b0be-7c71dfc0b0e3-le64.cache-7
7f07077ac000-7f07077d2000 r--p 00000000 08:01 27396763                   /usr/share/locale/en_GB/LC_MESSAGES/gtk20-properties.mo
7f07077d2000-7f07077ed000 rw-p 00000000 00:00 0 
7f07077ed000-7f07077ee000 r--s 00000000 08:01 8134998                    /var/cache/fontconfig/49a343bb-6c9e-4bc1-9703-2a76b58194da-le64.cache-7
7f07077ee000-7f07077f3000 r--s 00000000 08:01 8134996                    /var/cache/fontconfig/2bed276d-ae8c-4078-b7bf-0c9cb6e59b0b-le64.cache-7
7f07077f3000-7f07077f4000 r--p 00000000 08:01 27396774                   /usr/share/locale/en_GB/LC_MESSAGES/libc.mo
7f07077f4000-7f07077fb000 r--s 00000000 08:01 25565479                   /usr/lib/x86_64-linux-gnu/gconv/gconv-modules.cache
7f07077fb000-7f0707809000 r--p 00000000 08:01 27396764                   /usr/share/locale/en_GB/LC_MESSAGES/gtk20.mo
7f0707809000-7f070780a000 r--p 00023000 08:01 29493997                   /lib/x86_64-linux-gnu/ld-2.24.so
7f070780a000-7f070780b000 rw-p 00024000 08:01 29493997                   /lib/x86_64-linux-gnu/ld-2.24.so
7f070780b000-7f070780c000 rw-p 00000000 00:00 0 
7ffe895d6000-7ffe895d9000 ---p 00000000 00:00 0 
7ffe895d9000-7ffe89798000 rw-p 00000000 00:00 0                          [stack]
7ffe897a7000-7ffe897aa000 r--p 00000000 00:00 0                          [vvar]
7ffe897aa000-7ffe897ac000 r-xp 00000000 00:00 0                          [vdso]

VM Arguments:
jvm_args: -Xmx384M -Xss1800k -XX:+UseParNewGC -XX:+UseConcMarkSweepGC -XX:MinHeapFreeRatio=40 -XX:MaxHeapFreeRatio=70 -XX:ErrorFile=/dev/null -Xrs 
java_command: <unknown>
java_class_path (initial): /usr/local/stata15/utilities/jar/sfi-api.jar:/usr/local/stata15/utilities/jar/libdeps-core.jar:/usr/local/stata15/utilities/jar/libstata-core.jar:
Launcher Type: generic

Environment Variables:
PATH=/usr/local/bin:/usr/bin:/bin:/usr/local/games:/usr/games
SHELL=/bin/bash
DISPLAY=:0.0

Signal Handlers:
SIGSEGV: [libjvm.so+0xad3ce0], sa_mask[0]=11111111011111111101111111111110, sa_flags=SA_RESTART|SA_SIGINFO
SIGBUS: [libjvm.so+0xad3ce0], sa_mask[0]=11111111011111111101111111111110, sa_flags=SA_RESTART|SA_SIGINFO
SIGFPE: [libjvm.so+0x90b820], sa_mask[0]=11111111011111111101111111111110, sa_flags=SA_RESTART|SA_SIGINFO
SIGPIPE: [libjvm.so+0x90b820], sa_mask[0]=11111111011111111101111111111110, sa_flags=SA_RESTART|SA_SIGINFO
SIGXFSZ: [libjvm.so+0x90b820], sa_mask[0]=11111111011111111101111111111110, sa_flags=SA_RESTART|SA_SIGINFO
SIGILL: [libjvm.so+0x90b820], sa_mask[0]=11111111011111111101111111111110, sa_flags=SA_RESTART|SA_SIGINFO
SIGUSR1: SIG_DFL, sa_mask[0]=00000000000000000000000000000000, sa_flags=none
SIGUSR2: [libjvm.so+0x90b6f0], sa_mask[0]=00000000000000000000000000000000, sa_flags=SA_RESTART|SA_SIGINFO
SIGHUP: SIG_DFL, sa_mask[0]=00000000000000000000000000000000, sa_flags=none
SIGINT: [xstata-se+0x82b06b], sa_mask[0]=01000000000000000000000000000000, sa_flags=SA_RESTART
SIGTERM: SIG_DFL, sa_mask[0]=00000000000000000000000000000000, sa_flags=none
SIGQUIT: SIG_DFL, sa_mask[0]=00000000000000000000000000000000, sa_flags=none


---------------  S Y S T E M  ---------------

OS:PRETTY_NAME="MX 18.3 Continuum"
DISTRIB_ID=MX
DISTRIB_RELEASE=18.3
DISTRIB_CODENAME=Continuum
DISTRIB_DESCRIPTION="MX 18.3 Continuum"

uname:Linux 4.19.0-1-amd64 #1 SMP Debian 4.19.5-2~mx17+1 (2018-12-12) x86_64
libc:glibc 2.24 NPTL 2.24 
rlimit: STACK 8192k, CORE 0k, NPROC 31226, NOFILE 4096, AS infinity
load average:1.87 0.61 0.84

/proc/meminfo:
MemTotal:        8053428 kB
MemFree:         1982924 kB
MemAvailable:    4739244 kB
Buffers:          359680 kB
Cached:          3186964 kB
SwapCached:         1244 kB
Active:          3424364 kB
Inactive:        2319152 kB
Active(anon):    2046220 kB
Inactive(anon):   770804 kB
Active(file):    1378144 kB
Inactive(file):  1548348 kB
Unevictable:          48 kB
Mlocked:              48 kB
SwapTotal:       2097148 kB
SwapFree:        2075360 kB
Dirty:               420 kB
Writeback:             0 kB
AnonPages:       2194440 kB
Mapped:          1082272 kB
Shmem:            620140 kB
Slab:             159348 kB
SReclaimable:     100352 kB
SUnreclaim:        58996 kB
KernelStack:       11008 kB
PageTables:        47664 kB
NFS_Unstable:          0 kB
Bounce:                0 kB
WritebackTmp:          0 kB
CommitLimit:     6123860 kB
Committed_AS:    7538888 kB
VmallocTotal:   34359738367 kB
VmallocUsed:           0 kB
VmallocChunk:          0 kB
Percpu:             1888 kB
HardwareCorrupted:     0 kB
AnonHugePages:    507904 kB
ShmemHugePages:        0 kB
ShmemPmdMapped:        0 kB
HugePages_Total:       0
HugePages_Free:        0
HugePages_Rsvd:        0
HugePages_Surp:        0
Hugepagesize:       2048 kB
Hugetlb:               0 kB
DirectMap4k:      445176 kB
DirectMap2M:     7827456 kB


CPU:total 8 (initial active 8) (4 cores per cpu, 2 threads per core) family 6 model 58 stepping 9, cmov, cx8, fxsr, mmx, sse, sse2, sse3, ssse3, sse4.1, sse4.2, popcnt, avx, aes, clmul, erms, ht, tsc, tscinvbit, tscinv

/proc/cpuinfo:
processor	: 0
vendor_id	: GenuineIntel
cpu family	: 6
model		: 58
model name	: Intel(R) Core(TM) i7-3740QM CPU @ 2.70GHz
stepping	: 9
microcode	: 0x21
cpu MHz		: 1923.792
cache size	: 6144 KB
physical id	: 0
siblings	: 8
core id		: 0
cpu cores	: 4
apicid		: 0
initial apicid	: 0
fpu		: yes
fpu_exception	: yes
cpuid level	: 13
wp		: yes
flags		: fpu vme de pse tsc msr pae mce cx8 apic sep mtrr pge mca cmov pat pse36 clflush dts acpi mmx fxsr sse sse2 ss ht tm pbe syscall nx rdtscp lm constant_tsc arch_perfmon pebs bts rep_good nopl xtopology nonstop_tsc cpuid aperfmperf pni pclmulqdq dtes64 monitor ds_cpl vmx smx est tm2 ssse3 cx16 xtpr pdcm pcid sse4_1 sse4_2 x2apic popcnt tsc_deadline_timer aes xsave avx f16c rdrand lahf_lm cpuid_fault epb pti ssbd ibrs ibpb stibp tpr_shadow vnmi flexpriority ept vpid fsgsbase smep erms xsaveopt dtherm ida arat pln pts flush_l1d
bugs		: cpu_meltdown spectre_v1 spectre_v2 spec_store_bypass l1tf
bogomips	: 5382.30
clflush size	: 64
cache_alignment	: 64
address sizes	: 36 bits physical, 48 bits virtual
power management:

processor	: 1
vendor_id	: GenuineIntel
cpu family	: 6
model		: 58
model name	: Intel(R) Core(TM) i7-3740QM CPU @ 2.70GHz
stepping	: 9
microcode	: 0x21
cpu MHz		: 1261.373
cache size	: 6144 KB
physical id	: 0
siblings	: 8
core id		: 1
cpu cores	: 4
apicid		: 2
initial apicid	: 2
fpu		: yes
fpu_exception	: yes
cpuid level	: 13
wp		: yes
flags		: fpu vme de pse tsc msr pae mce cx8 apic sep mtrr pge mca cmov pat pse36 clflush dts acpi mmx fxsr sse sse2 ss ht tm pbe syscall nx rdtscp lm constant_tsc arch_perfmon pebs bts rep_good nopl xtopology nonstop_tsc cpuid aperfmperf pni pclmulqdq dtes64 monitor ds_cpl vmx smx est tm2 ssse3 cx16 xtpr pdcm pcid sse4_1 sse4_2 x2apic popcnt tsc_deadline_timer aes xsave avx f16c rdrand lahf_lm cpuid_fault epb pti ssbd ibrs ibpb stibp tpr_shadow vnmi flexpriority ept vpid fsgsbase smep erms xsaveopt dtherm ida arat pln pts flush_l1d
bugs		: cpu_meltdown spectre_v1 spectre_v2 spec_store_bypass l1tf
bogomips	: 5382.30
clflush size	: 64
cache_alignment	: 64
address sizes	: 36 bits physical, 48 bits virtual
power management:

processor	: 2
vendor_id	: GenuineIntel
cpu family	: 6
model		: 58
model name	: Intel(R) Core(TM) i7-3740QM CPU @ 2.70GHz
stepping	: 9
microcode	: 0x21
cpu MHz		: 1263.491
cache size	: 6144 KB
physical id	: 0
siblings	: 8
core id		: 2
cpu cores	: 4
apicid		: 4
initial apicid	: 4
fpu		: yes
fpu_exception	: yes
cpuid level	: 13
wp		: yes
flags		: fpu vme de pse tsc msr pae mce cx8 apic sep mtrr pge mca cmov pat pse36 clflush dts acpi mmx fxsr sse sse2 ss ht tm pbe syscall nx rdtscp lm constant_tsc arch_perfmon pebs bts rep_good nopl xtopology nonstop_tsc cpuid aperfmperf pni pclmulqdq dtes64 monitor ds_cpl vmx smx est tm2 ssse3 cx16 xtpr pdcm pcid sse4_1 sse4_2 x2apic popcnt tsc_deadline_timer aes xsave avx f16c rdrand lahf_lm cpuid_fault epb pti ssbd ibrs ibpb stibp tpr_shadow vnmi flexpriority ept vpid fsgsbase smep erms xsaveopt dtherm ida arat pln pts flush_l1d
bugs		: cpu_meltdown spectre_v1 spectre_v2 spec_store_bypass l1tf
bogomips	: 5382.30
clflush size	: 64
cache_alignment	: 64
address sizes	: 36 bits physical, 48 bits virtual
power management:

processor	: 3
vendor_id	: GenuineIntel
cpu family	: 6
model		: 58
model name	: Intel(R) Core(TM) i7-3740QM CPU @ 2.70GHz
stepping	: 9
microcode	: 0x21
cpu MHz		: 1289.061
cache size	: 6144 KB
physical id	: 0
siblings	: 8
core id		: 3
cpu cores	: 4
apicid		: 6
initial apicid	: 6
fpu		: yes
fpu_exception	: yes
cpuid level	: 13
wp		: yes
flags		: fpu vme de pse tsc msr pae mce cx8 apic sep mtrr pge mca cmov pat pse36 clflush dts acpi mmx fxsr sse sse2 ss ht tm pbe syscall nx rdtscp lm constant_tsc arch_perfmon pebs bts rep_good nopl xtopology nonstop_tsc cpuid aperfmperf pni pclmulqdq dtes64 monitor ds_cpl vmx smx est tm2 ssse3 cx16 xtpr pdcm pcid sse4_1 sse4_2 x2apic popcnt tsc_deadline_timer aes xsave avx f16c rdrand lahf_lm cpuid_fault epb pti ssbd ibrs ibpb stibp tpr_shadow vnmi flexpriority ept vpid fsgsbase smep erms xsaveopt dtherm ida arat pln pts flush_l1d
bugs		: cpu_meltdown spectre_v1 spectre_v2 spec_store_bypass l1tf
bogomips	: 5382.30
clflush size	: 64
cache_alignment	: 64
address sizes	: 36 bits physical, 48 bits virtual
power management:

processor	: 4
vendor_id	: GenuineIntel
cpu family	: 6
model		: 58
model name	: Intel(R) Core(TM) i7-3740QM CPU @ 2.70GHz
stepping	: 9
microcode	: 0x21
cpu MHz		: 1956.722
cache size	: 6144 KB
physical id	: 0
siblings	: 8
core id		: 0
cpu cores	: 4
apicid		: 1
initial apicid	: 1
fpu		: yes
fpu_exception	: yes
cpuid level	: 13
wp		: yes
flags		: fpu vme de pse tsc msr pae mce cx8 apic sep mtrr pge mca cmov pat pse36 clflush dts acpi mmx fxsr sse sse2 ss ht tm pbe syscall nx rdtscp lm constant_tsc arch_perfmon pebs bts rep_good nopl xtopology nonstop_tsc cpuid aperfmperf pni pclmulqdq dtes64 monitor ds_cpl vmx smx est tm2 ssse3 cx16 xtpr pdcm pcid sse4_1 sse4_2 x2apic popcnt tsc_deadline_timer aes xsave avx f16c rdrand lahf_lm cpuid_fault epb pti ssbd ibrs ibpb stibp tpr_shadow vnmi flexpriority ept vpid fsgsbase smep erms xsaveopt dtherm ida arat pln pts flush_l1d
bugs		: cpu_meltdown spectre_v1 spectre_v2 spec_store_bypass l1tf
bogomips	: 5382.30
clflush size	: 64
cache_alignment	: 64
address sizes	: 36 bits physical, 48 bits virtual
power management:

processor	: 5
vendor_id	: GenuineIntel
cpu family	: 6
model		: 58
model name	: Intel(R) Core(TM) i7-3740QM CPU @ 2.70GHz
stepping	: 9
microcode	: 0x21
cpu MHz		: 1207.262
cache size	: 6144 KB
physical id	: 0
siblings	: 8
core id		: 1
cpu cores	: 4
apicid		: 3
initial apicid	: 3
fpu		: yes
fpu_exception	: yes
cpuid level	: 13
wp		: yes
flags		: fpu vme de pse tsc msr pae mce cx8 apic sep mtrr pge mca cmov pat pse36 clflush dts acpi mmx fxsr sse sse2 ss ht tm pbe syscall nx rdtscp lm constant_tsc arch_perfmon pebs bts rep_good nopl xtopology nonstop_tsc cpuid aperfmperf pni pclmulqdq dtes64 monitor ds_cpl vmx smx est tm2 ssse3 cx16 xtpr pdcm pcid sse4_1 sse4_2 x2apic popcnt tsc_deadline_timer aes xsave avx f16c rdrand lahf_lm cpuid_fault epb pti ssbd ibrs ibpb stibp tpr_shadow vnmi flexpriority ept vpid fsgsbase smep erms xsaveopt dtherm ida arat pln pts flush_l1d
bugs		: cpu_meltdown spectre_v1 spectre_v2 spec_store_bypass l1tf
bogomips	: 5382.30
clflush size	: 64
cache_alignment	: 64
address sizes	: 36 bits physical, 48 bits virtual
power management:

processor	: 6
vendor_id	: GenuineIntel
cpu family	: 6
model		: 58
model name	: Intel(R) Core(TM) i7-3740QM CPU @ 2.70GHz
stepping	: 9
microcode	: 0x21
cpu MHz		: 1352.163
cache size	: 6144 KB
physical id	: 0
siblings	: 8
core id		: 2
cpu cores	: 4
apicid		: 5
initial apicid	: 5
fpu		: yes
fpu_exception	: yes
cpuid level	: 13
wp		: yes
flags		: fpu vme de pse tsc msr pae mce cx8 apic sep mtrr pge mca cmov pat pse36 clflush dts acpi mmx fxsr sse sse2 ss ht tm pbe syscall nx rdtscp lm constant_tsc arch_perfmon pebs bts rep_good nopl xtopology nonstop_tsc cpuid aperfmperf pni pclmulqdq dtes64 monitor ds_cpl vmx smx est tm2 ssse3 cx16 xtpr pdcm pcid sse4_1 sse4_2 x2apic popcnt tsc_deadline_timer aes xsave avx f16c rdrand lahf_lm cpuid_fault epb pti ssbd ibrs ibpb stibp tpr_shadow vnmi flexpriority ept vpid fsgsbase smep erms xsaveopt dtherm ida arat pln pts flush_l1d
bugs		: cpu_meltdown spectre_v1 spectre_v2 spec_store_bypass l1tf
bogomips	: 5382.30
clflush size	: 64
cache_alignment	: 64
address sizes	: 36 bits physical, 48 bits virtual
power management:

processor	: 7
vendor_id	: GenuineIntel
cpu family	: 6
model		: 58
model name	: Intel(R) Core(TM) i7-3740QM CPU @ 2.70GHz
stepping	: 9
microcode	: 0x21
cpu MHz		: 1666.923
cache size	: 6144 KB
physical id	: 0
siblings	: 8
core id		: 3
cpu cores	: 4
apicid		: 7
initial apicid	: 7
fpu		: yes
fpu_exception	: yes
cpuid level	: 13
wp		: yes
flags		: fpu vme de pse tsc msr pae mce cx8 apic sep mtrr pge mca cmov pat pse36 clflush dts acpi mmx fxsr sse sse2 ss ht tm pbe syscall nx rdtscp lm constant_tsc arch_perfmon pebs bts rep_good nopl xtopology nonstop_tsc cpuid aperfmperf pni pclmulqdq dtes64 monitor ds_cpl vmx smx est tm2 ssse3 cx16 xtpr pdcm pcid sse4_1 sse4_2 x2apic popcnt tsc_deadline_timer aes xsave avx f16c rdrand lahf_lm cpuid_fault epb pti ssbd ibrs ibpb stibp tpr_shadow vnmi flexpriority ept vpid fsgsbase smep erms xsaveopt dtherm ida arat pln pts flush_l1d
bugs		: cpu_meltdown spectre_v1 spectre_v2 spec_store_bypass l1tf
bogomips	: 5382.30
clflush size	: 64
cache_alignment	: 64
address sizes	: 36 bits physical, 48 bits virtual
power management:



Memory: 4k page, physical 8053428k(1982924k free), swap 2097148k(2075360k free)

vm_info: Java HotSpot(TM) 64-Bit Server VM (25.202-b08) for linux-amd64 JRE (1.8.0_202-b08), built on Dec 15 2018 12:40:22 by "java_re" with gcc 7.3.0

time: Mon Aug  5 03:34:24 2019
timezone: PDT
elapsed time: 93387 seconds (1d 1h 56m 27s)

